#
# There is insufficient memory for the Java Runtime Environment to continue.
# Native memory allocation (mmap) failed to map 486539264 bytes. Error detail: G1 virtual space
# Possible reasons:
#   The system is out of physical RAM or swap space
#   This process is running with CompressedOops enabled, and the Java Heap may be blocking the growth of the native heap
# Possible solutions:
#   Reduce memory load on the system
#   Increase physical memory or swap space
#   Check if swap backing store is full
#   Decrease Java heap size (-Xmx/-Xms)
#   Decrease number of Java threads
#   Decrease Java thread stack sizes (-Xss)
#   Set larger code cache with -XX:ReservedCodeCacheSize=
#   JVM is running with Zero Based Compressed Oops mode in which the Java heap is
#     placed in the first 32GB address space. The Java Heap base address is the
#     maximum limit for the native heap growth. Please use -XX:HeapBaseMinAddress
#     to set the Java Heap base and to place the Java Heap above 32GB virtual address.
# This output file may be truncated or incomplete.
#
#  Out of Memory Error (os_windows.cpp:3714), pid=15828, tid=17540
#
# JRE version: OpenJDK Runtime Environment Temurin-21.0.10+7 (21.0.10+7) (build 21.0.10+7-LTS)
# Java VM: OpenJDK 64-Bit Server VM Temurin-21.0.10+7 (21.0.10+7-LTS, mixed mode, sharing, tiered, compressed oops, compressed class ptrs, g1 gc, windows-amd64)
# No core dump will be written. Minidumps are not enabled by default on client versions of Windows
#

---------------  S U M M A R Y ------------

Command Line: -XX:MaxMetaspaceSize=4G -XX:ReservedCodeCacheSize=512m -XX:+HeapDumpOnOutOfMemoryError --add-opens=java.base/java.util=ALL-UNNAMED --add-opens=java.base/java.lang=ALL-UNNAMED --add-opens=java.base/java.lang.invoke=ALL-UNNAMED --add-opens=java.prefs/java.util.prefs=ALL-UNNAMED --add-opens=java.base/java.nio.charset=ALL-UNNAMED --add-opens=java.base/java.net=ALL-UNNAMED --add-opens=java.base/java.util.concurrent.atomic=ALL-UNNAMED -Xmx8G -Dfile.encoding=utf8 -Duser.country=US -Duser.language=en -Duser.variant -javaagent:C:\Users\shiwa\.gradle\wrapper\dists\gradle-8.7-all\aan3ydargesu18aqyqjwhr3pc\gradle-8.7\lib\agents\gradle-instrumentation-agent-8.7.jar org.gradle.launcher.daemon.bootstrap.GradleDaemon 8.7

Host: Intel(R) Core(TM) i5-1035G1 CPU @ 1.00GHz, 8 cores, 11G,  Windows 11 , 64 bit Build 26100 (10.0.26100.7920)
Time: Tue Apr  7 21:02:49 2026 Nepal Standard Time elapsed time: 778.941322 seconds (0d 0h 12m 58s)

---------------  T H R E A D  ---------------

Current thread (0x0000025859792b70):  VMThread "VM Thread"          [id=17540, stack(0x000000d3d7300000,0x000000d3d7400000) (1024K)]

Stack: [0x000000d3d7300000,0x000000d3d7400000]
Native frames: (J=compiled Java code, j=interpreted, Vv=VM code, C=native code)
V  [jvm.dll+0x6d7a39]
V  [jvm.dll+0x8b4b26]
V  [jvm.dll+0x8b70de]
V  [jvm.dll+0x8b77c3]
V  [jvm.dll+0x284346]
V  [jvm.dll+0x6d4355]
V  [jvm.dll+0x6c808a]
V  [jvm.dll+0x35edb8]
V  [jvm.dll+0x3669f6]
V  [jvm.dll+0x3b7afe]
V  [jvm.dll+0x3b7da8]
V  [jvm.dll+0x332fbc]
V  [jvm.dll+0x333047]
V  [jvm.dll+0x376e1c]
V  [jvm.dll+0x3755be]
V  [jvm.dll+0x332701]
V  [jvm.dll+0x374c2a]
V  [jvm.dll+0x8bd4b0]
V  [jvm.dll+0x8be824]
V  [jvm.dll+0x8bed50]
V  [jvm.dll+0x8beff3]
V  [jvm.dll+0x85f59d]
V  [jvm.dll+0x6d626d]
C  [ucrtbase.dll+0x37b0]
C  [KERNEL32.DLL+0x2e8d7]
C  [ntdll.dll+0x8c48c]

VM_Operation (0x000000d3d8ffe940): G1CollectForAllocation, mode: safepoint, requested by thread 0x00000258a0907790


---------------  P R O C E S S  ---------------

Threads class SMR info:
_java_thread_list=0x00000258a43c4a60, length=132, elements={
0x0000025829d9e290, 0x00000258597b0270, 0x00000258597b3a00, 0x00000258597b7590,
0x00000258597ba000, 0x00000258597baa60, 0x00000258597bb4c0, 0x00000258597bc250,
0x00000258597c7840, 0x000002589f2318c0, 0x000002589f27fc00, 0x00000258a0778900,
0x000002589fd195f0, 0x000002589ff1bb00, 0x00000258a0c42cb0, 0x000002589f4178c0,
0x000002589f44c320, 0x000002589fbb20a0, 0x00000258a0906a70, 0x00000258a0907100,
0x00000258a0907790, 0x00000258a0bd66d0, 0x00000258a0bd7a80, 0x00000258a0bd94c0,
0x00000258a0bd6d60, 0x00000258a0bd8e30, 0x00000258a0bd87a0, 0x00000258a0bd73f0,
0x00000258a0bd8110, 0x00000258a0bdc940, 0x00000258a0bdaf00, 0x00000258a0bdbc20,
0x00000258a0bdb590, 0x00000258a2a245d0, 0x00000258a2a25980, 0x00000258a2a27a50,
0x00000258a2a280e0, 0x00000258a2a24c60, 0x00000258a2a29490, 0x00000258a2a28e00,
0x00000258a2a2b560, 0x00000258a2a2a1b0, 0x00000258a2a29b20, 0x00000258a2a2aed0,
0x00000258a2a2a840, 0x00000258a2a28770, 0x00000258a2a167a0, 0x00000258a2a16e30,
0x00000258a2a174c0, 0x00000258a2a15a80, 0x00000258a2a1bcf0, 0x00000258a2a19590,
0x00000258a2a19c20, 0x00000258a2a1a940, 0x00000258a2a1b660, 0x00000258a2a1afd0,
0x00000258a1114d80, 0x00000258a11146f0, 0x00000258a1115410, 0x00000258a1115aa0,
0x00000258a11167c0, 0x00000258a1114060, 0x00000258a1116e50, 0x00000258a11174e0,
0x00000258a1118f20, 0x00000258a1118890, 0x00000258a1117b70, 0x00000258a1118200,
0x00000258a1116130, 0x00000258a111a960, 0x00000258a11195b0, 0x00000258a1119c40,
0x00000258a111a2d0, 0x00000258a111aff0, 0x00000258a3b23d80, 0x00000258a3b24aa0,
0x00000258a3b24410, 0x00000258a3b25130, 0x00000258a3b257c0, 0x00000258a3b236f0,
0x00000258a3b25e50, 0x00000258a3b264e0, 0x00000258a3b23060, 0x00000258a3b26b70,
0x00000258a3b2a680, 0x00000258a3b27f20, 0x00000258a3b292d0, 0x00000258a3b27890,
0x00000258a3b285b0, 0x00000258a3b28c40, 0x00000258a3b29960, 0x00000258a4bd6a50,
0x00000258a4bd42f0, 0x00000258a4bd35d0, 0x00000258a4bd5d30, 0x00000258a4bd70e0,
0x00000258a4bd4980, 0x00000258a4bd5010, 0x00000258a4bdabf0, 0x00000258a2a17b50,
0x00000258a53acaf0, 0x00000258a53abdd0, 0x00000258a53ac460, 0x00000258a53adea0,
0x00000258a53ad180, 0x00000258a53ab0b0, 0x00000258a53aebc0, 0x00000258a53ae530,
0x00000258a53ab740, 0x00000258a53af250, 0x00000258a53b19b0, 0x00000258a53b0600,
0x00000258a53af8e0, 0x00000258a53b0c90, 0x00000258a53b1320, 0x00000258a53b2040,
0x00000258a2a1a2b0, 0x00000258a577e9e0, 0x00000258a577c910, 0x00000258a577f070,
0x00000258a577f700, 0x00000258a577d630, 0x00000258a577fd90, 0x00000258a577e350,
0x00000258a5780420, 0x00000258a577cfa0, 0x00000258a5780ab0, 0x00000258a5781140,
0x00000258a577dcc0, 0x00000258a5782b80, 0x00000258a57817d0, 0x00000258a5781e60
}

Java Threads: ( => current thread )
  0x0000025829d9e290 JavaThread "main"                              [_thread_blocked, id=17488, stack(0x000000d3d6c00000,0x000000d3d6d00000) (1024K)]
  0x00000258597b0270 JavaThread "Reference Handler"          daemon [_thread_blocked, id=17552, stack(0x000000d3d7400000,0x000000d3d7500000) (1024K)]
  0x00000258597b3a00 JavaThread "Finalizer"                  daemon [_thread_blocked, id=17556, stack(0x000000d3d7500000,0x000000d3d7600000) (1024K)]
  0x00000258597b7590 JavaThread "Signal Dispatcher"          daemon [_thread_blocked, id=17560, stack(0x000000d3d7600000,0x000000d3d7700000) (1024K)]
  0x00000258597ba000 JavaThread "Attach Listener"            daemon [_thread_blocked, id=17564, stack(0x000000d3d7700000,0x000000d3d7800000) (1024K)]
  0x00000258597baa60 JavaThread "Service Thread"             daemon [_thread_blocked, id=17568, stack(0x000000d3d7800000,0x000000d3d7900000) (1024K)]
  0x00000258597bb4c0 JavaThread "Monitor Deflation Thread"   daemon [_thread_blocked, id=17572, stack(0x000000d3d7900000,0x000000d3d7a00000) (1024K)]
  0x00000258597bc250 JavaThread "C2 CompilerThread0"         daemon [_thread_blocked, id=17576, stack(0x000000d3d7a00000,0x000000d3d7b00000) (1024K)]
  0x00000258597c7840 JavaThread "C1 CompilerThread0"         daemon [_thread_blocked, id=17580, stack(0x000000d3d7b00000,0x000000d3d7c00000) (1024K)]
  0x000002589f2318c0 JavaThread "Common-Cleaner"             daemon [_thread_blocked, id=17600, stack(0x000000d3d7c00000,0x000000d3d7d00000) (1024K)]
  0x000002589f27fc00 JavaThread "Notification Thread"        daemon [_thread_blocked, id=17604, stack(0x000000d3d7d00000,0x000000d3d7e00000) (1024K)]
  0x00000258a0778900 JavaThread "Daemon health stats"               [_thread_blocked, id=2296, stack(0x000000d3d8200000,0x000000d3d8300000) (1024K)]
  0x000002589fd195f0 JavaThread "Incoming local TCP Connector on port 57898"        [_thread_in_native, id=11372, stack(0x000000d3d8300000,0x000000d3d8400000) (1024K)]
  0x000002589ff1bb00 JavaThread "Daemon periodic checks"            [_thread_blocked, id=18380, stack(0x000000d3d8400000,0x000000d3d8500000) (1024K)]
  0x00000258a0c42cb0 JavaThread "Daemon"                            [_thread_blocked, id=14796, stack(0x000000d3d8500000,0x000000d3d8600000) (1024K)]
  0x000002589f4178c0 JavaThread "Handler for socket connection from /127.0.0.1:57898 to /127.0.0.1:61712"        [_thread_in_native, id=2576, stack(0x000000d3d8600000,0x000000d3d8700000) (1024K)]
  0x000002589f44c320 JavaThread "Cancel handler"                    [_thread_blocked, id=7184, stack(0x000000d3d8700000,0x000000d3d8800000) (1024K)]
  0x000002589fbb20a0 JavaThread "Daemon worker"                     [_thread_blocked, id=15188, stack(0x000000d3d8b00000,0x000000d3d8c00000) (1024K)]
  0x00000258a0906a70 JavaThread "Asynchronous log dispatcher for DefaultDaemonConnection: socket connection from /127.0.0.1:57898 to /127.0.0.1:61712"        [_thread_blocked, id=1668, stack(0x000000d3d8c00000,0x000000d3d8d00000) (1024K)]
  0x00000258a0907100 JavaThread "Daemon client event forwarder"        [_thread_blocked, id=16040, stack(0x000000d3d8e00000,0x000000d3d8f00000) (1024K)]
  0x00000258a0907790 JavaThread "Cache worker for journal cache (C:\Users\shiwa\.gradle\caches\journal-1)"        [_thread_blocked, id=15180, stack(0x000000d3d8f00000,0x000000d3d9000000) (1024K)]
  0x00000258a0bd66d0 JavaThread "File lock request listener"        [_thread_blocked, id=18084, stack(0x000000d3d9000000,0x000000d3d9100000) (1024K)]
  0x00000258a0bd7a80 JavaThread "Cache worker for file hash cache (C:\Users\shiwa\.gradle\caches\8.7\fileHashes)"        [_thread_blocked, id=18736, stack(0x000000d3d9100000,0x000000d3d9200000) (1024K)]
  0x00000258a0bd94c0 JavaThread "File lock release action executor"        [_thread_blocked, id=3884, stack(0x000000d3d9200000,0x000000d3d9300000) (1024K)]
  0x00000258a0bd6d60 JavaThread "Cache worker for file hash cache (C:\Users\shiwa\student-learning-platform\olp_mobileapp\android\.gradle\8.7\fileHashes)"        [_thread_blocked, id=11420, stack(0x000000d3d6b00000,0x000000d3d6c00000) (1024K)]
  0x00000258a0bd8e30 JavaThread "File watcher server"        daemon [_thread_in_native, id=17780, stack(0x000000d3d8d00000,0x000000d3d8e00000) (1024K)]
  0x00000258a0bd87a0 JavaThread "File watcher consumer"      daemon [_thread_blocked, id=12960, stack(0x000000d3d9300000,0x000000d3d9400000) (1024K)]
  0x00000258a0bd73f0 JavaThread "Cache worker for checksums cache (C:\Users\shiwa\student-learning-platform\olp_mobileapp\android\.gradle\8.7\checksums)"        [_thread_blocked, id=18976, stack(0x000000d3d9400000,0x000000d3d9500000) (1024K)]
  0x00000258a0bd8110 JavaThread "Cache worker for cache directory md-supplier (C:\Users\shiwa\.gradle\caches\8.7\md-supplier)"        [_thread_blocked, id=16600, stack(0x000000d3d9500000,0x000000d3d9600000) (1024K)]
  0x00000258a0bdc940 JavaThread "Cache worker for cache directory md-rule (C:\Users\shiwa\.gradle\caches\8.7\md-rule)"        [_thread_blocked, id=16020, stack(0x000000d3d9600000,0x000000d3d9700000) (1024K)]
  0x00000258a0bdaf00 JavaThread "Cache worker for file content cache (C:\Users\shiwa\.gradle\caches\8.7\fileContent)"        [_thread_blocked, id=7876, stack(0x000000d3d9700000,0x000000d3d9800000) (1024K)]
  0x00000258a0bdbc20 JavaThread "jar transforms"                    [_thread_blocked, id=20268, stack(0x000000d3d9800000,0x000000d3d9900000) (1024K)]
  0x00000258a0bdb590 JavaThread "jar transforms Thread 2"           [_thread_blocked, id=15344, stack(0x000000d3d9900000,0x000000d3d9a00000) (1024K)]
  0x00000258a2a245d0 JavaThread "Cache worker for Build Output Cleanup Cache (C:\src\flutter_windows_3.35.1-stable\flutter\packages\flutter_tools\gradle\.gradle\buildOutputCleanup)"        [_thread_blocked, id=20136, stack(0x000000d3d9a00000,0x000000d3d9b00000) (1024K)]
  0x00000258a2a25980 JavaThread "Unconstrained build operations"        [_thread_blocked, id=18184, stack(0x000000d3d9b00000,0x000000d3d9c00000) (1024K)]
  0x00000258a2a27a50 JavaThread "Unconstrained build operations Thread 2"        [_thread_blocked, id=20180, stack(0x000000d3d9c00000,0x000000d3d9d00000) (1024K)]
  0x00000258a2a280e0 JavaThread "Unconstrained build operations Thread 3"        [_thread_blocked, id=19740, stack(0x000000d3d9d00000,0x000000d3d9e00000) (1024K)]
  0x00000258a2a24c60 JavaThread "Unconstrained build operations Thread 4"        [_thread_blocked, id=20332, stack(0x000000d3d9e00000,0x000000d3d9f00000) (1024K)]
  0x00000258a2a29490 JavaThread "Unconstrained build operations Thread 5"        [_thread_blocked, id=18804, stack(0x000000d3d9f00000,0x000000d3da000000) (1024K)]
  0x00000258a2a28e00 JavaThread "Unconstrained build operations Thread 6"        [_thread_blocked, id=19792, stack(0x000000d3da000000,0x000000d3da100000) (1024K)]
  0x00000258a2a2b560 JavaThread "Unconstrained build operations Thread 7"        [_thread_blocked, id=9992, stack(0x000000d3da100000,0x000000d3da200000) (1024K)]
  0x00000258a2a2a1b0 JavaThread "Unconstrained build operations Thread 8"        [_thread_blocked, id=21652, stack(0x000000d3da200000,0x000000d3da300000) (1024K)]
  0x00000258a2a29b20 JavaThread "Unconstrained build operations Thread 9"        [_thread_blocked, id=21656, stack(0x000000d3da300000,0x000000d3da400000) (1024K)]
  0x00000258a2a2aed0 JavaThread "Unconstrained build operations Thread 10"        [_thread_blocked, id=21660, stack(0x000000d3da400000,0x000000d3da500000) (1024K)]
  0x00000258a2a2a840 JavaThread "Unconstrained build operations Thread 11"        [_thread_blocked, id=21664, stack(0x000000d3da500000,0x000000d3da600000) (1024K)]
  0x00000258a2a28770 JavaThread "Unconstrained build operations Thread 12"        [_thread_blocked, id=21672, stack(0x000000d3da600000,0x000000d3da700000) (1024K)]
  0x00000258a2a167a0 JavaThread "Unconstrained build operations Thread 13"        [_thread_blocked, id=21680, stack(0x000000d3da700000,0x000000d3da800000) (1024K)]
  0x00000258a2a16e30 JavaThread "Unconstrained build operations Thread 14"        [_thread_blocked, id=22112, stack(0x000000d3da800000,0x000000d3da900000) (1024K)]
  0x00000258a2a174c0 JavaThread "Memory manager"                    [_thread_blocked, id=22232, stack(0x000000d3da900000,0x000000d3daa00000) (1024K)]
  0x00000258a2a15a80 JavaThread "build event listener"              [_thread_blocked, id=20628, stack(0x000000d3dac00000,0x000000d3dad00000) (1024K)]
  0x00000258a2a1bcf0 JavaThread "Execution worker"                  [_thread_blocked, id=22568, stack(0x000000d3daf00000,0x000000d3db000000) (1024K)]
  0x00000258a2a19590 JavaThread "Execution worker Thread 2"         [_thread_blocked, id=3644, stack(0x000000d3db000000,0x000000d3db100000) (1024K)]
  0x00000258a2a19c20 JavaThread "Execution worker Thread 3"         [_thread_blocked, id=22024, stack(0x000000d3db100000,0x000000d3db200000) (1024K)]
  0x00000258a2a1a940 JavaThread "Execution worker Thread 4"         [_thread_blocked, id=16904, stack(0x000000d3db200000,0x000000d3db300000) (1024K)]
  0x00000258a2a1b660 JavaThread "Execution worker Thread 5"         [_thread_blocked, id=20504, stack(0x000000d3db300000,0x000000d3db400000) (1024K)]
  0x00000258a2a1afd0 JavaThread "Execution worker Thread 6"         [_thread_blocked, id=22204, stack(0x000000d3db400000,0x000000d3db500000) (1024K)]
  0x00000258a1114d80 JavaThread "Execution worker Thread 7"         [_thread_blocked, id=21100, stack(0x000000d3db500000,0x000000d3db600000) (1024K)]
  0x00000258a11146f0 JavaThread "Cache worker for execution history cache (C:\src\flutter_windows_3.35.1-stable\flutter\packages\flutter_tools\gradle\.gradle\8.7\executionHistory)"        [_thread_blocked, id=22028, stack(0x000000d3db600000,0x000000d3db700000) (1024K)]
  0x00000258a1115410 JavaThread "Unconstrained build operations Thread 15"        [_thread_blocked, id=22768, stack(0x000000d3db700000,0x000000d3db800000) (1024K)]
  0x00000258a1115aa0 JavaThread "Unconstrained build operations Thread 16"        [_thread_blocked, id=5956, stack(0x000000d3db800000,0x000000d3db900000) (1024K)]
  0x00000258a11167c0 JavaThread "Unconstrained build operations Thread 17"        [_thread_blocked, id=13476, stack(0x000000d3db900000,0x000000d3dba00000) (1024K)]
  0x00000258a1114060 JavaThread "Unconstrained build operations Thread 18"        [_thread_blocked, id=4576, stack(0x000000d3dba00000,0x000000d3dbb00000) (1024K)]
  0x00000258a1116e50 JavaThread "Unconstrained build operations Thread 19"        [_thread_blocked, id=20368, stack(0x000000d3dbb00000,0x000000d3dbc00000) (1024K)]
  0x00000258a11174e0 JavaThread "Unconstrained build operations Thread 20"        [_thread_blocked, id=21620, stack(0x000000d3dbc00000,0x000000d3dbd00000) (1024K)]
  0x00000258a1118f20 JavaThread "Unconstrained build operations Thread 21"        [_thread_blocked, id=15420, stack(0x000000d3dbd00000,0x000000d3dbe00000) (1024K)]
  0x00000258a1118890 JavaThread "Unconstrained build operations Thread 22"        [_thread_blocked, id=19888, stack(0x000000d3dbe00000,0x000000d3dbf00000) (1024K)]
  0x00000258a1117b70 JavaThread "Unconstrained build operations Thread 23"        [_thread_blocked, id=20912, stack(0x000000d3dbf00000,0x000000d3dc000000) (1024K)]
  0x00000258a1118200 JavaThread "Unconstrained build operations Thread 24"        [_thread_blocked, id=16744, stack(0x000000d3dc000000,0x000000d3dc100000) (1024K)]
  0x00000258a1116130 JavaThread "Unconstrained build operations Thread 25"        [_thread_blocked, id=17476, stack(0x000000d3dc100000,0x000000d3dc200000) (1024K)]
  0x00000258a111a960 JavaThread "Unconstrained build operations Thread 26"        [_thread_blocked, id=16116, stack(0x000000d3dc200000,0x000000d3dc300000) (1024K)]
  0x00000258a11195b0 JavaThread "Unconstrained build operations Thread 27"        [_thread_blocked, id=22236, stack(0x000000d3dc300000,0x000000d3dc400000) (1024K)]
  0x00000258a1119c40 JavaThread "Unconstrained build operations Thread 28"        [_thread_blocked, id=20968, stack(0x000000d3dc400000,0x000000d3dc500000) (1024K)]
  0x00000258a111a2d0 JavaThread "Unconstrained build operations Thread 29"        [_thread_blocked, id=22196, stack(0x000000d3dc500000,0x000000d3dc600000) (1024K)]
  0x00000258a111aff0 JavaThread "Unconstrained build operations Thread 30"        [_thread_blocked, id=19092, stack(0x000000d3dc600000,0x000000d3dc700000) (1024K)]
  0x00000258a3b23d80 JavaThread "Unconstrained build operations Thread 31"        [_thread_blocked, id=21992, stack(0x000000d3dc700000,0x000000d3dc800000) (1024K)]
  0x00000258a3b24aa0 JavaThread "Unconstrained build operations Thread 32"        [_thread_blocked, id=13500, stack(0x000000d3dc800000,0x000000d3dc900000) (1024K)]
  0x00000258a3b24410 JavaThread "Unconstrained build operations Thread 33"        [_thread_blocked, id=11664, stack(0x000000d3dc900000,0x000000d3dca00000) (1024K)]
  0x00000258a3b25130 JavaThread "Unconstrained build operations Thread 34"        [_thread_blocked, id=20904, stack(0x000000d3dca00000,0x000000d3dcb00000) (1024K)]
  0x00000258a3b257c0 JavaThread "Unconstrained build operations Thread 35"        [_thread_blocked, id=23348, stack(0x000000d3dcb00000,0x000000d3dcc00000) (1024K)]
  0x00000258a3b236f0 JavaThread "Unconstrained build operations Thread 36"        [_thread_blocked, id=17856, stack(0x000000d3dcc00000,0x000000d3dcd00000) (1024K)]
  0x00000258a3b25e50 JavaThread "Unconstrained build operations Thread 37"        [_thread_blocked, id=23376, stack(0x000000d3dcd00000,0x000000d3dce00000) (1024K)]
  0x00000258a3b264e0 JavaThread "Unconstrained build operations Thread 38"        [_thread_blocked, id=23340, stack(0x000000d3dce00000,0x000000d3dcf00000) (1024K)]
  0x00000258a3b23060 JavaThread "Unconstrained build operations Thread 39"        [_thread_blocked, id=22788, stack(0x000000d3dcf00000,0x000000d3dd000000) (1024K)]
  0x00000258a3b26b70 JavaThread "Unconstrained build operations Thread 40"        [_thread_blocked, id=20516, stack(0x000000d3dd000000,0x000000d3dd100000) (1024K)]
  0x00000258a3b2a680 JavaThread "Unconstrained build operations Thread 41"        [_thread_blocked, id=19992, stack(0x000000d3dd100000,0x000000d3dd200000) (1024K)]
  0x00000258a3b27f20 JavaThread "Unconstrained build operations Thread 42"        [_thread_blocked, id=23240, stack(0x000000d3dd200000,0x000000d3dd300000) (1024K)]
  0x00000258a3b292d0 JavaThread "Unconstrained build operations Thread 43"        [_thread_blocked, id=23284, stack(0x000000d3dd300000,0x000000d3dd400000) (1024K)]
  0x00000258a3b27890 JavaThread "Unconstrained build operations Thread 44"        [_thread_blocked, id=23520, stack(0x000000d3dd400000,0x000000d3dd500000) (1024K)]
  0x00000258a3b285b0 JavaThread "Unconstrained build operations Thread 45"        [_thread_blocked, id=23500, stack(0x000000d3dd500000,0x000000d3dd600000) (1024K)]
  0x00000258a3b28c40 JavaThread "Unconstrained build operations Thread 46"        [_thread_blocked, id=18944, stack(0x000000d3dd600000,0x000000d3dd700000) (1024K)]
  0x00000258a3b29960 JavaThread "Unconstrained build operations Thread 47"        [_thread_blocked, id=23480, stack(0x000000d3dd700000,0x000000d3dd800000) (1024K)]
  0x00000258a4bd6a50 JavaThread "Unconstrained build operations Thread 48"        [_thread_blocked, id=20844, stack(0x000000d3dd800000,0x000000d3dd900000) (1024K)]
  0x00000258a4bd42f0 JavaThread "Unconstrained build operations Thread 49"        [_thread_blocked, id=20976, stack(0x000000d3dd900000,0x000000d3dda00000) (1024K)]
  0x00000258a4bd35d0 JavaThread "Unconstrained build operations Thread 50"        [_thread_blocked, id=21008, stack(0x000000d3dda00000,0x000000d3ddb00000) (1024K)]
  0x00000258a4bd5d30 JavaThread "Unconstrained build operations Thread 51"        [_thread_blocked, id=20988, stack(0x000000d3ddb00000,0x000000d3ddc00000) (1024K)]
  0x00000258a4bd70e0 JavaThread "Unconstrained build operations Thread 52"        [_thread_blocked, id=18484, stack(0x000000d3ddc00000,0x000000d3ddd00000) (1024K)]
  0x00000258a4bd4980 JavaThread "Unconstrained build operations Thread 53"        [_thread_blocked, id=23224, stack(0x000000d3ddd00000,0x000000d3dde00000) (1024K)]
  0x00000258a4bd5010 JavaThread "Unconstrained build operations Thread 54"        [_thread_blocked, id=21932, stack(0x000000d3dde00000,0x000000d3ddf00000) (1024K)]
  0x00000258a4bdabf0 JavaThread "Cache worker for Build Output Cleanup Cache (C:\Users\shiwa\student-learning-platform\olp_mobileapp\android\.gradle\buildOutputCleanup)"        [_thread_blocked, id=23952, stack(0x000000d3ddf00000,0x000000d3de000000) (1024K)]
  0x00000258a2a17b50 JavaThread "build event listener"              [_thread_blocked, id=23556, stack(0x000000d3daa00000,0x000000d3dab00000) (1024K)]
  0x00000258a53acaf0 JavaThread "jar transforms Thread 3"           [_thread_blocked, id=24476, stack(0x000000d3dad00000,0x000000d3dae00000) (1024K)]
  0x00000258a53abdd0 JavaThread "Unconstrained build operations Thread 55"        [_thread_blocked, id=20548, stack(0x000000d3de000000,0x000000d3de100000) (1024K)]
  0x00000258a53ac460 JavaThread "Unconstrained build operations Thread 56"        [_thread_blocked, id=23280, stack(0x000000d3de100000,0x000000d3de200000) (1024K)]
  0x00000258a53adea0 JavaThread "Unconstrained build operations Thread 57"        [_thread_blocked, id=20588, stack(0x000000d3de200000,0x000000d3de300000) (1024K)]
  0x00000258a53ad180 JavaThread "Unconstrained build operations Thread 58"        [_thread_blocked, id=21288, stack(0x000000d3de300000,0x000000d3de400000) (1024K)]
  0x00000258a53ab0b0 JavaThread "Unconstrained build operations Thread 59"        [_thread_blocked, id=21336, stack(0x000000d3de400000,0x000000d3de500000) (1024K)]
  0x00000258a53aebc0 JavaThread "Unconstrained build operations Thread 60"        [_thread_blocked, id=21844, stack(0x000000d3de500000,0x000000d3de600000) (1024K)]
  0x00000258a53ae530 JavaThread "Unconstrained build operations Thread 61"        [_thread_blocked, id=21372, stack(0x000000d3de600000,0x000000d3de700000) (1024K)]
  0x00000258a53ab740 JavaThread "Unconstrained build operations Thread 62"        [_thread_blocked, id=13988, stack(0x000000d3de700000,0x000000d3de800000) (1024K)]
  0x00000258a53af250 JavaThread "Unconstrained build operations Thread 63"        [_thread_blocked, id=17120, stack(0x000000d3de800000,0x000000d3de900000) (1024K)]
  0x00000258a53b19b0 JavaThread "Unconstrained build operations Thread 64"        [_thread_blocked, id=22712, stack(0x000000d3de900000,0x000000d3dea00000) (1024K)]
  0x00000258a53b0600 JavaThread "Unconstrained build operations Thread 65"        [_thread_blocked, id=24116, stack(0x000000d3dea00000,0x000000d3deb00000) (1024K)]
  0x00000258a53af8e0 JavaThread "Unconstrained build operations Thread 66"        [_thread_blocked, id=21292, stack(0x000000d3deb00000,0x000000d3dec00000) (1024K)]
  0x00000258a53b0c90 JavaThread "Unconstrained build operations Thread 67"        [_thread_blocked, id=12968, stack(0x000000d3dec00000,0x000000d3ded00000) (1024K)]
  0x00000258a53b1320 JavaThread "Unconstrained build operations Thread 68"        [_thread_blocked, id=23804, stack(0x000000d3ded00000,0x000000d3dee00000) (1024K)]
  0x00000258a53b2040 JavaThread "jar transforms Thread 4"           [_thread_blocked, id=23772, stack(0x000000d3dae00000,0x000000d3daf00000) (1024K)]
  0x00000258a2a1a2b0 JavaThread "jar transforms Thread 5"           [_thread_blocked, id=23696, stack(0x000000d3dee00000,0x000000d3def00000) (1024K)]
  0x00000258a577e9e0 JavaThread "Unconstrained build operations Thread 69"        [_thread_blocked, id=20620, stack(0x000000d3df000000,0x000000d3df100000) (1024K)]
  0x00000258a577c910 JavaThread "Unconstrained build operations Thread 70"        [_thread_blocked, id=16868, stack(0x000000d3df100000,0x000000d3df200000) (1024K)]
  0x00000258a577f070 JavaThread "Unconstrained build operations Thread 71"        [_thread_blocked, id=23472, stack(0x000000d3df200000,0x000000d3df300000) (1024K)]
  0x00000258a577f700 JavaThread "Unconstrained build operations Thread 72"        [_thread_blocked, id=24268, stack(0x000000d3df300000,0x000000d3df400000) (1024K)]
  0x00000258a577d630 JavaThread "Unconstrained build operations Thread 73"        [_thread_blocked, id=17416, stack(0x000000d3df400000,0x000000d3df500000) (1024K)]
  0x00000258a577fd90 JavaThread "Unconstrained build operations Thread 74"        [_thread_blocked, id=23088, stack(0x000000d3df500000,0x000000d3df600000) (1024K)]
  0x00000258a577e350 JavaThread "Unconstrained build operations Thread 75"        [_thread_blocked, id=16224, stack(0x000000d3df600000,0x000000d3df700000) (1024K)]
  0x00000258a5780420 JavaThread "Unconstrained build operations Thread 76"        [_thread_blocked, id=22816, stack(0x000000d3def00000,0x000000d3df000000) (1024K)]
  0x00000258a577cfa0 JavaThread "Unconstrained build operations Thread 77"        [_thread_blocked, id=20252, stack(0x000000d3df700000,0x000000d3df800000) (1024K)]
  0x00000258a5780ab0 JavaThread "Unconstrained build operations Thread 78"        [_thread_blocked, id=24004, stack(0x000000d3df800000,0x000000d3df900000) (1024K)]
  0x00000258a5781140 JavaThread "Unconstrained build operations Thread 79"        [_thread_blocked, id=21704, stack(0x000000d3df900000,0x000000d3dfa00000) (1024K)]
  0x00000258a577dcc0 JavaThread "Unconstrained build operations Thread 80"        [_thread_blocked, id=24232, stack(0x000000d3dfa00000,0x000000d3dfb00000) (1024K)]
  0x00000258a5782b80 JavaThread "jar transforms Thread 6"           [_thread_blocked, id=21104, stack(0x000000d3dab00000,0x000000d3dac00000) (1024K)]
  0x00000258a57817d0 JavaThread "jar transforms Thread 7"           [_thread_blocked, id=13128, stack(0x000000d3dfb00000,0x000000d3dfc00000) (1024K)]
  0x00000258a5781e60 JavaThread "jar transforms Thread 8"           [_thread_blocked, id=4884, stack(0x000000d3dfc00000,0x000000d3dfd00000) (1024K)]
Total: 132

Other Threads:
=>0x0000025859792b70 VMThread "VM Thread"                           [id=17540, stack(0x000000d3d7300000,0x000000d3d7400000) (1024K)]
  0x000002585977e4f0 WatcherThread "VM Periodic Task Thread"        [id=17536, stack(0x000000d3d7200000,0x000000d3d7300000) (1024K)]
  0x0000025829e47090 WorkerThread "GC Thread#0"                     [id=17504, stack(0x000000d3d6d00000,0x000000d3d6e00000) (1024K)]
  0x000002589f106ea0 WorkerThread "GC Thread#1"                     [id=18300, stack(0x000000d3d7e00000,0x000000d3d7f00000) (1024K)]
  0x000002589f540fe0 WorkerThread "GC Thread#2"                     [id=17892, stack(0x000000d3d7f00000,0x000000d3d8000000) (1024K)]
  0x000002589f541390 WorkerThread "GC Thread#3"                     [id=18232, stack(0x000000d3d8000000,0x000000d3d8100000) (1024K)]
  0x000002589fbbe1a0 WorkerThread "GC Thread#4"                     [id=15600, stack(0x000000d3d8100000,0x000000d3d8200000) (1024K)]
  0x000002589f44c990 WorkerThread "GC Thread#5"                     [id=16908, stack(0x000000d3d8800000,0x000000d3d8900000) (1024K)]
  0x000002589fa66b30 WorkerThread "GC Thread#6"                     [id=17204, stack(0x000000d3d8900000,0x000000d3d8a00000) (1024K)]
  0x000002589fa66ee0 WorkerThread "GC Thread#7"                     [id=13420, stack(0x000000d3d8a00000,0x000000d3d8b00000) (1024K)]
  0x0000025829e57f90 ConcurrentGCThread "G1 Main Marker"            [id=17508, stack(0x000000d3d6e00000,0x000000d3d6f00000) (1024K)]
  0x0000025829e599c0 WorkerThread "G1 Conc#0"                       [id=17512, stack(0x000000d3d6f00000,0x000000d3d7000000) (1024K)]
  0x000002589fd7f8c0 WorkerThread "G1 Conc#1"                       [id=15464, stack(0x000000d3d6a00000,0x000000d3d6b00000) (1024K)]
  0x0000025859652600 ConcurrentGCThread "G1 Refine#0"               [id=17524, stack(0x000000d3d7000000,0x000000d3d7100000) (1024K)]
  0x0000025859653f40 ConcurrentGCThread "G1 Service"                [id=17528, stack(0x000000d3d7100000,0x000000d3d7200000) (1024K)]
Total: 15

Threads with active compile tasks:
C1 CompilerThread0  792116 14691       3       org.gradle.api.internal.artifacts.metadata.ComponentArtifactIdentifierSerializer::write (10 bytes)
Total: 1

VM state: at safepoint (normal execution)

VM Mutex/Monitor currently owned by a thread:  ([mutex/lock_event])
[0x00007ff82808e560] Threads_lock - owner thread: 0x0000025859792b70
[0x00007ff82808e660] Heap_lock - owner thread: 0x00000258a0907790

Heap address: 0x0000000600000000, size: 8192 MB, Compressed Oops mode: Zero based, Oop shift amount: 3

CDS archive(s) mapped at: [0x000002585a000000-0x000002585aba0000-0x000002585aba0000), size 12189696, SharedBaseAddress: 0x000002585a000000, ArchiveRelocationMode: 1.
Compressed class space mapped at: 0x000002585b000000-0x000002589b000000, reserved size: 1073741824
Narrow klass base: 0x000002585a000000, Narrow klass shift: 0, Narrow klass range: 0x100000000

GC Precious Log:
 CardTable entry size: 512
 Card Set container configuration: InlinePtr #cards 4 size 8 Array Of Cards #cards 32 size 80 Howl #buckets 8 coarsen threshold 7372 Howl Bitmap #cards 1024 size 144 coarsen threshold 921 Card regions per heap region 1 cards per card region 8192
 CPUs: 8 total, 8 available
 Memory: 12028M
 Large Page Support: Disabled
 NUMA Support: Disabled
 Compressed Oops: Enabled (Zero based)
 Heap Region Size: 4M
 Heap Min Capacity: 8M
 Heap Initial Capacity: 188M
 Heap Max Capacity: 8G
 Pre-touch: Disabled
 Parallel Workers: 8
 Concurrent Workers: 2
 Concurrent Refinement Workers: 8
 Periodic GC: Disabled

Heap:
 garbage-first heap   total 245760K, used 145258K [0x0000000600000000, 0x0000000800000000)
  region size 4096K, 1 young (4096K), 1 survivors (4096K)
 Metaspace       used 104765K, committed 107328K, reserved 1179648K
  class space    used 14859K, committed 16128K, reserved 1048576K

Heap Regions: E=young(eden), S=young(survivor), O=old, HS=humongous(starts), HC=humongous(continues), CS=collection set, F=free, TAMS=top-at-mark-start, PB=parsable bottom
|   0|0x0000000600000000, 0x0000000600400000, 0x0000000600400000|100%|HS|  |TAMS 0x0000000600000000| PB 0x0000000600000000| Complete 
|   1|0x0000000600400000, 0x0000000600800000, 0x0000000600800000|100%| O|  |TAMS 0x0000000600400000| PB 0x0000000600400000| Untracked 
|   2|0x0000000600800000, 0x0000000600c00000, 0x0000000600c00000|100%| O|  |TAMS 0x0000000600800000| PB 0x0000000600800000| Untracked 
|   3|0x0000000600c00000, 0x0000000601000000, 0x0000000601000000|100%| O|  |TAMS 0x0000000600c00000| PB 0x0000000600c00000| Untracked 
|   4|0x0000000601000000, 0x0000000601400000, 0x0000000601400000|100%| O|  |TAMS 0x0000000601000000| PB 0x0000000601000000| Untracked 
|   5|0x0000000601400000, 0x0000000601800000, 0x0000000601800000|100%| O|  |TAMS 0x0000000601400000| PB 0x0000000601400000| Untracked 
|   6|0x0000000601800000, 0x0000000601c00000, 0x0000000601c00000|100%|HS|  |TAMS 0x0000000601800000| PB 0x0000000601800000| Complete 
|   7|0x0000000601c00000, 0x0000000602000000, 0x0000000602000000|100%|HS|  |TAMS 0x0000000601c00000| PB 0x0000000601c00000| Complete 
|   8|0x0000000602000000, 0x0000000602400000, 0x0000000602400000|100%| O|  |TAMS 0x0000000602000000| PB 0x0000000602000000| Untracked 
|   9|0x0000000602400000, 0x0000000602800000, 0x0000000602800000|100%| O|  |TAMS 0x0000000602400000| PB 0x0000000602400000| Untracked 
|  10|0x0000000602800000, 0x0000000602c00000, 0x0000000602c00000|100%| O|  |TAMS 0x0000000602800000| PB 0x0000000602800000| Untracked 
|  11|0x0000000602c00000, 0x0000000603000000, 0x0000000603000000|100%| O|  |TAMS 0x0000000602c00000| PB 0x0000000602c00000| Untracked 
|  12|0x0000000603000000, 0x0000000603400000, 0x0000000603400000|100%| O|  |TAMS 0x0000000603000000| PB 0x0000000603000000| Untracked 
|  13|0x0000000603400000, 0x0000000603800000, 0x0000000603800000|100%| O|  |TAMS 0x0000000603400000| PB 0x0000000603400000| Untracked 
|  14|0x0000000603800000, 0x0000000603c00000, 0x0000000603c00000|100%| O|  |TAMS 0x0000000603800000| PB 0x0000000603800000| Untracked 
|  15|0x0000000603c00000, 0x0000000604000000, 0x0000000604000000|100%| O|  |TAMS 0x0000000603c00000| PB 0x0000000603c00000| Untracked 
|  16|0x0000000604000000, 0x0000000604400000, 0x0000000604400000|100%| O|  |TAMS 0x0000000604000000| PB 0x0000000604000000| Untracked 
|  17|0x0000000604400000, 0x0000000604800000, 0x0000000604800000|100%| O|  |TAMS 0x0000000604400000| PB 0x0000000604400000| Untracked 
|  18|0x0000000604800000, 0x0000000604c00000, 0x0000000604c00000|100%| O|  |TAMS 0x0000000604800000| PB 0x0000000604800000| Untracked 
|  19|0x0000000604c00000, 0x0000000605000000, 0x0000000605000000|100%| O|  |TAMS 0x0000000604c00000| PB 0x0000000604c00000| Untracked 
|  20|0x0000000605000000, 0x0000000605400000, 0x0000000605400000|100%| O|  |TAMS 0x0000000605000000| PB 0x0000000605000000| Untracked 
|  21|0x0000000605400000, 0x0000000605800000, 0x0000000605800000|100%| O|  |TAMS 0x0000000605400000| PB 0x0000000605400000| Untracked 
|  22|0x0000000605800000, 0x0000000605c00000, 0x0000000605c00000|100%| O|  |TAMS 0x0000000605800000| PB 0x0000000605800000| Untracked 
|  23|0x0000000605c00000, 0x0000000606000000, 0x0000000606000000|100%| O|  |TAMS 0x0000000605c00000| PB 0x0000000605c00000| Untracked 
|  24|0x0000000606000000, 0x0000000606400000, 0x0000000606400000|100%| O|  |TAMS 0x0000000606000000| PB 0x0000000606000000| Untracked 
|  25|0x0000000606400000, 0x0000000606400000, 0x0000000606800000|  0%| F|  |TAMS 0x0000000606400000| PB 0x0000000606400000| Untracked 
|  26|0x0000000606800000, 0x0000000606c00000, 0x0000000606c00000|100%| O|  |TAMS 0x0000000606800000| PB 0x0000000606800000| Untracked 
|  27|0x0000000606c00000, 0x0000000606eff178, 0x0000000607000000| 74%| O|  |TAMS 0x0000000606c00000| PB 0x0000000606c00000| Untracked 
|  28|0x0000000607000000, 0x0000000607000000, 0x0000000607400000|  0%| F|  |TAMS 0x0000000607000000| PB 0x0000000607000000| Untracked 
|  29|0x0000000607400000, 0x0000000607400000, 0x0000000607800000|  0%| F|  |TAMS 0x0000000607400000| PB 0x0000000607400000| Untracked 
|  30|0x0000000607800000, 0x0000000607800000, 0x0000000607c00000|  0%| F|  |TAMS 0x0000000607800000| PB 0x0000000607800000| Untracked 
|  31|0x0000000607c00000, 0x0000000607c00000, 0x0000000608000000|  0%| F|  |TAMS 0x0000000607c00000| PB 0x0000000607c00000| Untracked 
|  32|0x0000000608000000, 0x0000000608000000, 0x0000000608400000|  0%| F|  |TAMS 0x0000000608000000| PB 0x0000000608000000| Untracked 
|  33|0x0000000608400000, 0x0000000608400000, 0x0000000608800000|  0%| F|  |TAMS 0x0000000608400000| PB 0x0000000608400000| Untracked 
|  34|0x0000000608800000, 0x0000000608800000, 0x0000000608c00000|  0%| F|  |TAMS 0x0000000608800000| PB 0x0000000608800000| Untracked 
|  35|0x0000000608c00000, 0x0000000608c00000, 0x0000000609000000|  0%| F|  |TAMS 0x0000000608c00000| PB 0x0000000608c00000| Untracked 
|  36|0x0000000609000000, 0x0000000609000000, 0x0000000609400000|  0%| F|  |TAMS 0x0000000609000000| PB 0x0000000609000000| Untracked 
|  37|0x0000000609400000, 0x0000000609400000, 0x0000000609800000|  0%| F|  |TAMS 0x0000000609400000| PB 0x0000000609400000| Untracked 
|  38|0x0000000609800000, 0x0000000609800000, 0x0000000609c00000|  0%| F|  |TAMS 0x0000000609800000| PB 0x0000000609800000| Untracked 
|  39|0x0000000609c00000, 0x0000000609c00000, 0x000000060a000000|  0%| F|  |TAMS 0x0000000609c00000| PB 0x0000000609c00000| Untracked 
|  40|0x000000060a000000, 0x000000060a000000, 0x000000060a400000|  0%| F|  |TAMS 0x000000060a000000| PB 0x000000060a000000| Untracked 
|  41|0x000000060a400000, 0x000000060a400000, 0x000000060a800000|  0%| F|  |TAMS 0x000000060a400000| PB 0x000000060a400000| Untracked 
|  42|0x000000060a800000, 0x000000060a800000, 0x000000060ac00000|  0%| F|  |TAMS 0x000000060a800000| PB 0x000000060a800000| Untracked 
|  43|0x000000060ac00000, 0x000000060ac00000, 0x000000060b000000|  0%| F|  |TAMS 0x000000060ac00000| PB 0x000000060ac00000| Untracked 
|  44|0x000000060b000000, 0x000000060b000000, 0x000000060b400000|  0%| F|  |TAMS 0x000000060b000000| PB 0x000000060b000000| Untracked 
|  45|0x000000060b400000, 0x000000060b400000, 0x000000060b800000|  0%| F|  |TAMS 0x000000060b400000| PB 0x000000060b400000| Untracked 
|  46|0x000000060b800000, 0x000000060b800000, 0x000000060bc00000|  0%| F|  |TAMS 0x000000060b800000| PB 0x000000060b800000| Untracked 
|  47|0x000000060bc00000, 0x000000060bc00000, 0x000000060c000000|  0%| F|  |TAMS 0x000000060bc00000| PB 0x000000060bc00000| Untracked 
|  48|0x000000060c000000, 0x000000060c000000, 0x000000060c400000|  0%| F|  |TAMS 0x000000060c000000| PB 0x000000060c000000| Untracked 
|  49|0x000000060c400000, 0x000000060c6db7e8, 0x000000060c800000| 71%| S|CS|TAMS 0x000000060c400000| PB 0x000000060c400000| Complete 
|  50|0x000000060c800000, 0x000000060c800000, 0x000000060cc00000|  0%| F|  |TAMS 0x000000060c800000| PB 0x000000060c800000| Untracked 
|2039|0x00000007fdc00000, 0x00000007fe000000, 0x00000007fe000000|100%| O|  |TAMS 0x00000007fdc00000| PB 0x00000007fdc00000| Untracked 
|2040|0x00000007fe000000, 0x00000007fe400000, 0x00000007fe400000|100%| O|  |TAMS 0x00000007fe000000| PB 0x00000007fe000000| Untracked 
|2041|0x00000007fe400000, 0x00000007fe800000, 0x00000007fe800000|100%| O|  |TAMS 0x00000007fe400000| PB 0x00000007fe400000| Untracked 
|2042|0x00000007fe800000, 0x00000007fec00000, 0x00000007fec00000|100%| O|  |TAMS 0x00000007fe800000| PB 0x00000007fe800000| Untracked 
|2043|0x00000007fec00000, 0x00000007ff000000, 0x00000007ff000000|100%| O|  |TAMS 0x00000007fec00000| PB 0x00000007fec00000| Untracked 
|2044|0x00000007ff000000, 0x00000007ff000000, 0x00000007ff400000|  0%| F|  |TAMS 0x00000007ff000000| PB 0x00000007ff000000| Untracked 
|2045|0x00000007ff400000, 0x00000007ff800000, 0x00000007ff800000|100%| O|  |TAMS 0x00000007ff400000| PB 0x00000007ff400000| Untracked 
|2046|0x00000007ff800000, 0x00000007ffc00000, 0x00000007ffc00000|100%| O|  |TAMS 0x00000007ff800000| PB 0x00000007ff800000| Untracked 
|2047|0x00000007ffc00000, 0x0000000800000000, 0x0000000800000000|100%| O|  |TAMS 0x00000007ffc00000| PB 0x00000007ffc00000| Untracked 

Card table byte_map: [0x000002584e4f0000,0x000002584f4f0000] _byte_map_base: 0x000002584b4f0000

Marking Bits: (CMBitMap*) 0x0000025829e476b0
 Bits: [0x000002584f4f0000, 0x00000258574f0000)

Polling page: 0x0000025827c90000

Metaspace:

Usage:
  Non-class:     87.80 MB used.
      Class:     14.51 MB used.
       Both:    102.31 MB used.

Virtual space:
  Non-class space:      128.00 MB reserved,      89.06 MB ( 70%) committed,  2 nodes.
      Class space:        1.00 GB reserved,      15.75 MB (  2%) committed,  1 nodes.
             Both:        1.12 GB reserved,     104.81 MB (  9%) committed. 

Chunk freelists:
   Non-Class:  6.72 MB
       Class:  297.00 KB
        Both:  7.01 MB

MaxMetaspaceSize: 4.00 GB
CompressedClassSpaceSize: 1.00 GB
Initial GC threshold: 21.00 MB
Current GC threshold: 174.62 MB
CDS: on
 - commit_granule_bytes: 65536.
 - commit_granule_words: 8192.
 - virtual_space_node_default_size: 8388608.
 - enlarge_chunks_in_place: 1.
 - use_allocation_guard: 0.


Internal statistics:

num_allocs_failed_limit: 12.
num_arena_births: 4258.
num_arena_deaths: 0.
num_vsnodes_births: 3.
num_vsnodes_deaths: 0.
num_space_committed: 1677.
num_space_uncommitted: 0.
num_chunks_returned_to_freelist: 12.
num_chunks_taken_from_freelist: 9207.
num_chunk_merges: 12.
num_chunk_splits: 6039.
num_chunks_enlarged: 3812.
num_inconsistent_stats: 0.

CodeHeap 'non-profiled nmethods': size=259264Kb used=8454Kb max_used=8454Kb free=250809Kb
 bounds [0x000002583d270000, 0x000002583dac0000, 0x000002584cfa0000]
CodeHeap 'profiled nmethods': size=259264Kb used=23552Kb max_used=24190Kb free=235711Kb
 bounds [0x000002582cfa0000, 0x000002582e740000, 0x000002583ccd0000]
CodeHeap 'non-nmethods': size=5760Kb used=3003Kb max_used=3076Kb free=2756Kb
 bounds [0x000002583ccd0000, 0x000002583cfe0000, 0x000002583d270000]
CodeCache: size=524288Kb, used=35009Kb, max_used=35720Kb, free=489276Kb
 total_blobs=13306, nmethods=12299, adapters=910, full_count=0
Compilation: enabled, stopped_count=0, restarted_count=0

Compilation events (20 events):
Event: 766.591 Thread 0x00000258597c7840 nmethod 14668 0x000002582d05d410 code [0x000002582d05d5c0, 0x000002582d05d7a0]
Event: 766.591 Thread 0x00000258597c7840 14669       3       org.gradle.api.internal.artifacts.ivyservice.ivyresolve.RepositoryChainComponentMetaDataResolver::isFetchingMetadataCheap (82 bytes)
Event: 766.592 Thread 0x00000258597bc250 14670       4       java.util.stream.Collectors$$Lambda/0x000002585b0750e0::get (8 bytes)
Event: 766.593 Thread 0x00000258597bc250 nmethod 14670 0x000002583d557710 code [0x000002583d5578a0, 0x000002583d557990]
Event: 767.438 Thread 0x00000258597bc250 14676       4       com.google.common.collect.Lists::newArrayListWithCapacity (16 bytes)
Event: 767.441 Thread 0x00000258597bc250 nmethod 14676 0x000002583d78ca90 code [0x000002583d78cc40, 0x000002583d78cfb0]
Event: 767.773 Thread 0x00000258597c7840 nmethod 14669 0x000002582df56190 code [0x000002582df563e0, 0x000002582df56f18]
Event: 767.773 Thread 0x00000258597c7840 14671       3       java.io.FileInputStream::<init> (107 bytes)
Event: 767.774 Thread 0x00000258597c7840 nmethod 14671 0x000002582e23f910 code [0x000002582e23fb80, 0x000002582e240540]
Event: 767.774 Thread 0x00000258597c7840 14678       3       org.gradle.api.internal.artifacts.ivyservice.resolveengine.result.ComponentIdentifierSerializer::write (435 bytes)
Event: 769.365 Thread 0x00000258597c7840 nmethod 14678 0x000002582e3df090 code [0x000002582e3df720, 0x000002582e3e3038]
Event: 769.366 Thread 0x00000258597c7840 14682       3       org.gradle.api.internal.artifacts.ivyservice.resolveengine.oldresult.ResolvedConfigurationDependencyGraphVisitor::visitNode (84 bytes)
Event: 770.511 Thread 0x00000258597c7840 nmethod 14682 0x000002582d762510 code [0x000002582d7628c0, 0x000002582d764708]
Event: 770.511 Thread 0x00000258597c7840 14688       3       org.gradle.api.internal.artifacts.ivyservice.resolveengine.artifact.ResolvedArtifactsGraphVisitor::visitEdges (158 bytes)
Event: 771.842 Thread 0x00000258597c7840 nmethod 14688 0x000002582db67c90 code [0x000002582db67f80, 0x000002582db691d0]
Event: 772.066 Thread 0x00000258597c7840 14689       3       org.gradle.internal.component.external.model.DefaultModuleComponentIdentifier::getDisplayName (87 bytes)
Event: 772.067 Thread 0x00000258597c7840 nmethod 14689 0x000002582dbfaf10 code [0x000002582dbfb1c0, 0x000002582dbfbc70]
Event: 772.067 Thread 0x00000258597c7840 14690   !   3       java.util.concurrent.CopyOnWriteArrayList::addIfAbsent (128 bytes)
Event: 772.068 Thread 0x00000258597c7840 nmethod 14690 0x000002582e27a210 code [0x000002582e27a460, 0x000002582e27af60]
Event: 772.075 Thread 0x00000258597c7840 14691       3       org.gradle.api.internal.artifacts.metadata.ComponentArtifactIdentifierSerializer::write (10 bytes)

GC Heap History (20 events):
Event: 427.982 GC heap after
{Heap after GC invocations=31 (full 0):
 garbage-first heap   total 180224K, used 103623K [0x0000000600000000, 0x0000000800000000)
  region size 4096K, 2 young (8192K), 2 survivors (8192K)
 Metaspace       used 93256K, committed 95424K, reserved 1179648K
  class space    used 13181K, committed 14272K, reserved 1048576K
}
Event: 430.124 GC heap before
{Heap before GC invocations=31 (full 0):
 garbage-first heap   total 180224K, used 160967K [0x0000000600000000, 0x0000000800000000)
  region size 4096K, 16 young (65536K), 2 survivors (8192K)
 Metaspace       used 97405K, committed 99648K, reserved 1179648K
  class space    used 13886K, committed 15040K, reserved 1048576K
}
Event: 430.137 GC heap after
{Heap after GC invocations=32 (full 0):
 garbage-first heap   total 180224K, used 106016K [0x0000000600000000, 0x0000000800000000)
  region size 4096K, 2 young (8192K), 2 survivors (8192K)
 Metaspace       used 97405K, committed 99648K, reserved 1179648K
  class space    used 13886K, committed 15040K, reserved 1048576K
}
Event: 432.925 GC heap before
{Heap before GC invocations=33 (full 0):
 garbage-first heap   total 184320K, used 163360K [0x0000000600000000, 0x0000000800000000)
  region size 4096K, 16 young (65536K), 2 survivors (8192K)
 Metaspace       used 100271K, committed 102528K, reserved 1179648K
  class space    used 14286K, committed 15424K, reserved 1048576K
}
Event: 432.941 GC heap after
{Heap after GC invocations=34 (full 0):
 garbage-first heap   total 184320K, used 108385K [0x0000000600000000, 0x0000000800000000)
  region size 4096K, 2 young (8192K), 2 survivors (8192K)
 Metaspace       used 100271K, committed 102528K, reserved 1179648K
  class space    used 14286K, committed 15424K, reserved 1048576K
}
Event: 454.080 GC heap before
{Heap before GC invocations=34 (full 0):
 garbage-first heap   total 184320K, used 169825K [0x0000000600000000, 0x0000000800000000)
  region size 4096K, 17 young (69632K), 2 survivors (8192K)
 Metaspace       used 101117K, committed 103424K, reserved 1179648K
  class space    used 14362K, committed 15552K, reserved 1048576K
}
Event: 454.100 GC heap after
{Heap after GC invocations=35 (full 0):
 garbage-first heap   total 188416K, used 111706K [0x0000000600000000, 0x0000000800000000)
  region size 4096K, 3 young (12288K), 3 survivors (12288K)
 Metaspace       used 101117K, committed 103424K, reserved 1179648K
  class space    used 14362K, committed 15552K, reserved 1048576K
}
Event: 463.114 GC heap before
{Heap before GC invocations=35 (full 0):
 garbage-first heap   total 188416K, used 169050K [0x0000000600000000, 0x0000000800000000)
  region size 4096K, 18 young (73728K), 3 survivors (12288K)
 Metaspace       used 102612K, committed 104960K, reserved 1179648K
  class space    used 14612K, committed 15808K, reserved 1048576K
}
Event: 463.135 GC heap after
{Heap after GC invocations=36 (full 0):
 garbage-first heap   total 200704K, used 123592K [0x0000000600000000, 0x0000000800000000)
  region size 4096K, 3 young (12288K), 3 survivors (12288K)
 Metaspace       used 102612K, committed 104960K, reserved 1179648K
  class space    used 14612K, committed 15808K, reserved 1048576K
}
Event: 472.653 GC heap before
{Heap before GC invocations=37 (full 0):
 garbage-first heap   total 212992K, used 176840K [0x0000000600000000, 0x0000000800000000)
  region size 4096K, 16 young (65536K), 3 survivors (12288K)
 Metaspace       used 103132K, committed 105536K, reserved 1179648K
  class space    used 14658K, committed 15872K, reserved 1048576K
}
Event: 472.667 GC heap after
{Heap after GC invocations=38 (full 0):
 garbage-first heap   total 212992K, used 132801K [0x0000000600000000, 0x0000000800000000)
  region size 4096K, 2 young (8192K), 2 survivors (8192K)
 Metaspace       used 103132K, committed 105536K, reserved 1179648K
  class space    used 14658K, committed 15872K, reserved 1048576K
}
Event: 549.743 GC heap before
{Heap before GC invocations=38 (full 0):
 garbage-first heap   total 212992K, used 181953K [0x0000000600000000, 0x0000000800000000)
  region size 4096K, 15 young (61440K), 2 survivors (8192K)
 Metaspace       used 104328K, committed 106816K, reserved 1179648K
  class space    used 14807K, committed 16064K, reserved 1048576K
}
Event: 559.243 GC heap after
{Heap after GC invocations=39 (full 0):
 garbage-first heap   total 212992K, used 138137K [0x0000000600000000, 0x0000000800000000)
  region size 4096K, 2 young (8192K), 2 survivors (8192K)
 Metaspace       used 104328K, committed 106816K, reserved 1179648K
  class space    used 14807K, committed 16064K, reserved 1048576K
}
Event: 679.174 GC heap before
{Heap before GC invocations=39 (full 0):
 garbage-first heap   total 212992K, used 187289K [0x0000000600000000, 0x0000000800000000)
  region size 4096K, 14 young (57344K), 2 survivors (8192K)
 Metaspace       used 104687K, committed 107264K, reserved 1179648K
  class space    used 14849K, committed 16128K, reserved 1048576K
}
Event: 681.632 GC heap after
{Heap after GC invocations=40 (full 0):
 garbage-first heap   total 212992K, used 143956K [0x0000000600000000, 0x0000000800000000)
  region size 4096K, 2 young (8192K), 2 survivors (8192K)
 Metaspace       used 104687K, committed 107264K, reserved 1179648K
  class space    used 14849K, committed 16128K, reserved 1048576K
}
Event: 709.941 GC heap before
{Heap before GC invocations=40 (full 0):
 garbage-first heap   total 245760K, used 148052K [0x0000000600000000, 0x0000000800000000)
  region size 4096K, 3 young (12288K), 2 survivors (8192K)
 Metaspace       used 104716K, committed 107264K, reserved 1179648K
  class space    used 14854K, committed 16128K, reserved 1048576K
}
Event: 711.488 GC heap after
{Heap after GC invocations=41 (full 0):
 garbage-first heap   total 245760K, used 145497K [0x0000000600000000, 0x0000000800000000)
  region size 4096K, 1 young (4096K), 1 survivors (4096K)
 Metaspace       used 104716K, committed 107264K, reserved 1179648K
  class space    used 14854K, committed 16128K, reserved 1048576K
}
Event: 722.859 GC heap before
{Heap before GC invocations=42 (full 0):
 garbage-first heap   total 245760K, used 153689K [0x0000000600000000, 0x0000000800000000)
  region size 4096K, 3 young (12288K), 1 survivors (4096K)
 Metaspace       used 104723K, committed 107264K, reserved 1179648K
  class space    used 14854K, committed 16128K, reserved 1048576K
}
Event: 723.229 GC heap after
{Heap after GC invocations=43 (full 0):
 garbage-first heap   total 245760K, used 145812K [0x0000000600000000, 0x0000000800000000)
  region size 4096K, 1 young (4096K), 1 survivors (4096K)
 Metaspace       used 104723K, committed 107264K, reserved 1179648K
  class space    used 14854K, committed 16128K, reserved 1048576K
}
Event: 772.239 GC heap before
{Heap before GC invocations=43 (full 0):
 garbage-first heap   total 245760K, used 154004K [0x0000000600000000, 0x0000000800000000)
  region size 4096K, 3 young (12288K), 1 survivors (4096K)
 Metaspace       used 104765K, committed 107328K, reserved 1179648K
  class space    used 14859K, committed 16128K, reserved 1048576K
}

Dll operation events (14 events):
Event: 0.031 Loaded shared library C:\Users\shiwa\.vscode\extensions\redhat.java-1.53.0-win32-x64\jre\21.0.10-win32-x86_64\bin\java.dll
Event: 0.804 Loaded shared library C:\Users\shiwa\.vscode\extensions\redhat.java-1.53.0-win32-x64\jre\21.0.10-win32-x86_64\bin\zip.dll
Event: 1.212 Loaded shared library C:\Users\shiwa\.vscode\extensions\redhat.java-1.53.0-win32-x64\jre\21.0.10-win32-x86_64\bin\instrument.dll
Event: 1.238 Loaded shared library C:\Users\shiwa\.vscode\extensions\redhat.java-1.53.0-win32-x64\jre\21.0.10-win32-x86_64\bin\net.dll
Event: 1.246 Loaded shared library C:\Users\shiwa\.vscode\extensions\redhat.java-1.53.0-win32-x64\jre\21.0.10-win32-x86_64\bin\nio.dll
Event: 1.278 Loaded shared library C:\Users\shiwa\.vscode\extensions\redhat.java-1.53.0-win32-x64\jre\21.0.10-win32-x86_64\bin\zip.dll
Event: 8.374 Loaded shared library C:\Users\shiwa\.vscode\extensions\redhat.java-1.53.0-win32-x64\jre\21.0.10-win32-x86_64\bin\jimage.dll
Event: 9.589 Loaded shared library C:\Users\shiwa\.vscode\extensions\redhat.java-1.53.0-win32-x64\jre\21.0.10-win32-x86_64\bin\verify.dll
Event: 15.632 Loaded shared library C:\Users\shiwa\.gradle\native\c067742578af261105cb4f569cf0c3c89f3d7b1fecec35dd04571415982c5e48\windows-amd64\native-platform.dll
Event: 15.792 Loaded shared library C:\Users\shiwa\.gradle\native\38dada09dfb8b06ba9b0570ebf7e218e3eb74d4ef43ca46872605cf95ebc2f47\windows-amd64\native-platform-file-events.dll
Event: 44.433 Loaded shared library C:\Users\shiwa\.vscode\extensions\redhat.java-1.53.0-win32-x64\jre\21.0.10-win32-x86_64\bin\management.dll
Event: 44.505 Loaded shared library C:\Users\shiwa\.vscode\extensions\redhat.java-1.53.0-win32-x64\jre\21.0.10-win32-x86_64\bin\management_ext.dll
Event: 48.590 Loaded shared library C:\Users\shiwa\.vscode\extensions\redhat.java-1.53.0-win32-x64\jre\21.0.10-win32-x86_64\bin\extnet.dll
Event: 56.897 Loaded shared library C:\Users\shiwa\.vscode\extensions\redhat.java-1.53.0-win32-x64\jre\21.0.10-win32-x86_64\bin\sunmscapi.dll

Deoptimization events (20 events):
Event: 709.470 Thread 0x00000258a0778900 Uncommon trap: trap_request=0xffffffd6 fr.pc=0x000002583d2b0270 relative=0x0000000000000730
Event: 709.470 Thread 0x00000258a0778900 Uncommon trap: reason=array_check action=maybe_recompile pc=0x000002583d2b0270 method=java.util.ComparableTimSort.reverseRange([Ljava/lang/Object;II)V @ 20 c2
Event: 709.470 Thread 0x00000258a0778900 DEOPT PACKING pc=0x000002583d2b0270 sp=0x000000d3d82fec50
Event: 709.470 Thread 0x00000258a0778900 DEOPT UNPACKING pc=0x000002583cd27ba2 sp=0x000000d3d82fec00 mode 2
Event: 709.470 Thread 0x00000258a0778900 Uncommon trap: trap_request=0xffffffd6 fr.pc=0x000002583d2b0270 relative=0x0000000000000730
Event: 709.470 Thread 0x00000258a0778900 Uncommon trap: reason=array_check action=maybe_recompile pc=0x000002583d2b0270 method=java.util.ComparableTimSort.reverseRange([Ljava/lang/Object;II)V @ 20 c2
Event: 709.470 Thread 0x00000258a0778900 DEOPT PACKING pc=0x000002583d2b0270 sp=0x000000d3d82fec50
Event: 709.470 Thread 0x00000258a0778900 DEOPT UNPACKING pc=0x000002583cd27ba2 sp=0x000000d3d82fec00 mode 2
Event: 709.470 Thread 0x00000258a0778900 Uncommon trap: trap_request=0xffffffd6 fr.pc=0x000002583d2b0270 relative=0x0000000000000730
Event: 709.470 Thread 0x00000258a0778900 Uncommon trap: reason=array_check action=maybe_recompile pc=0x000002583d2b0270 method=java.util.ComparableTimSort.reverseRange([Ljava/lang/Object;II)V @ 20 c2
Event: 709.470 Thread 0x00000258a0778900 DEOPT PACKING pc=0x000002583d2b0270 sp=0x000000d3d82fec50
Event: 709.470 Thread 0x00000258a0778900 DEOPT UNPACKING pc=0x000002583cd27ba2 sp=0x000000d3d82fec00 mode 2
Event: 715.274 Thread 0x00000258a0778900 Uncommon trap: trap_request=0xffffffd6 fr.pc=0x000002583d8dac7c relative=0x000000000000091c
Event: 715.274 Thread 0x00000258a0778900 Uncommon trap: reason=array_check action=maybe_recompile pc=0x000002583d8dac7c method=java.util.ComparableTimSort.reverseRange([Ljava/lang/Object;II)V @ 27 c2
Event: 715.274 Thread 0x00000258a0778900 DEOPT PACKING pc=0x000002583d8dac7c sp=0x000000d3d82fec40
Event: 715.274 Thread 0x00000258a0778900 DEOPT UNPACKING pc=0x000002583cd27ba2 sp=0x000000d3d82fec00 mode 2
Event: 715.274 Thread 0x00000258a0778900 Uncommon trap: trap_request=0xffffffd6 fr.pc=0x000002583d8dac7c relative=0x000000000000091c
Event: 715.274 Thread 0x00000258a0778900 Uncommon trap: reason=array_check action=maybe_recompile pc=0x000002583d8dac7c method=java.util.ComparableTimSort.reverseRange([Ljava/lang/Object;II)V @ 27 c2
Event: 715.274 Thread 0x00000258a0778900 DEOPT PACKING pc=0x000002583d8dac7c sp=0x000000d3d82fec40
Event: 715.274 Thread 0x00000258a0778900 DEOPT UNPACKING pc=0x000002583cd27ba2 sp=0x000000d3d82fec00 mode 2

Classes loaded (20 events):
Event: 508.183 Loading class java/io/FileCustomizer
Event: 508.183 Loading class java/io/FileCustomizer done
Event: 508.357 Loading class java/io/LineNumberReader
Event: 508.357 Loading class java/io/LineNumberReader done
Event: 508.368 Loading class java/util/regex/PatternBeanInfo
Event: 508.368 Loading class java/util/regex/PatternBeanInfo done
Event: 508.369 Loading class java/util/regex/PatternBeanInfo
Event: 508.369 Loading class java/util/regex/PatternBeanInfo done
Event: 508.369 Loading class java/util/regex/PatternCustomizer
Event: 508.369 Loading class java/util/regex/PatternCustomizer done
Event: 508.369 Loading class java/util/regex/PatternCustomizer
Event: 508.369 Loading class java/util/regex/PatternCustomizer done
Event: 508.440 Loading class java/util/regex/MatcherBeanInfo
Event: 508.440 Loading class java/util/regex/MatcherBeanInfo done
Event: 508.441 Loading class java/util/regex/MatcherBeanInfo
Event: 508.441 Loading class java/util/regex/MatcherBeanInfo done
Event: 508.441 Loading class java/util/regex/MatcherCustomizer
Event: 508.441 Loading class java/util/regex/MatcherCustomizer done
Event: 508.442 Loading class java/util/regex/MatcherCustomizer
Event: 508.442 Loading class java/util/regex/MatcherCustomizer done

Classes unloaded (0 events):
No events

Classes redefined (0 events):
No events

Internal exceptions (20 events):
Event: 566.734 Thread 0x000002589fbb20a0 Exception <a 'java/lang/ClassNotFoundException'{0x000000060a4b6cb0}: build_1sn1rnnet3w0xfghch8yld2emBeanInfo> (0x000000060a4b6cb0) 
thrown [s\src\hotspot\share\classfile\systemDictionary.cpp, line 312]
Event: 566.734 Thread 0x000002589fbb20a0 Exception <a 'java/lang/ClassNotFoundException'{0x000000060a4bd288}: build_1sn1rnnet3w0xfghch8yld2emCustomizer> (0x000000060a4bd288) 
thrown [s\src\hotspot\share\classfile\systemDictionary.cpp, line 312]
Event: 582.602 Thread 0x000002589fbb20a0 Exception <a 'java/lang/ClassNotFoundException'{0x000000060a1b91c8}: build_1sn1rnnet3w0xfghch8yld2emBeanInfo> (0x000000060a1b91c8) 
thrown [s\src\hotspot\share\classfile\systemDictionary.cpp, line 312]
Event: 582.603 Thread 0x000002589fbb20a0 Exception <a 'java/lang/ClassNotFoundException'{0x000000060a1bf740}: build_1sn1rnnet3w0xfghch8yld2emCustomizer> (0x000000060a1bf740) 
thrown [s\src\hotspot\share\classfile\systemDictionary.cpp, line 312]
Event: 592.857 Thread 0x000002589fbb20a0 Exception <a 'java/lang/ClassNotFoundException'{0x0000000609ee6d38}: local_config_2gpk5fnh6x4833ur6w3et7eblBeanInfo> (0x0000000609ee6d38) 
thrown [s\src\hotspot\share\classfile\systemDictionary.cpp, line 312]
Event: 592.857 Thread 0x000002589fbb20a0 Exception <a 'java/lang/ClassNotFoundException'{0x0000000609eef948}: local_config_2gpk5fnh6x4833ur6w3et7eblCustomizer> (0x0000000609eef948) 
thrown [s\src\hotspot\share\classfile\systemDictionary.cpp, line 312]
Event: 597.208 Thread 0x000002589fbb20a0 Exception <a 'java/lang/ClassNotFoundException'{0x0000000609a7d260}: user_agent_dehwd5fm6yhtcqrmepyybgxqoBeanInfo> (0x0000000609a7d260) 
thrown [s\src\hotspot\share\classfile\systemDictionary.cpp, line 312]
Event: 597.208 Thread 0x000002589fbb20a0 Exception <a 'java/lang/ClassNotFoundException'{0x0000000609a85e10}: user_agent_dehwd5fm6yhtcqrmepyybgxqoCustomizer> (0x0000000609a85e10) 
thrown [s\src\hotspot\share\classfile\systemDictionary.cpp, line 312]
Event: 610.196 Thread 0x000002589fbb20a0 Exception <a 'java/lang/ClassNotFoundException'{0x0000000608d98a88}: build_6lut7wpgt8jen2gvbbrnh9ijcBeanInfo> (0x0000000608d98a88) 
thrown [s\src\hotspot\share\classfile\systemDictionary.cpp, line 312]
Event: 610.483 Thread 0x000002589fbb20a0 Exception <a 'java/lang/ClassNotFoundException'{0x0000000608d9f060}: build_6lut7wpgt8jen2gvbbrnh9ijcCustomizer> (0x0000000608d9f060) 
thrown [s\src\hotspot\share\classfile\systemDictionary.cpp, line 312]
Event: 624.918 Thread 0x000002589fbb20a0 Exception <a 'java/lang/ClassNotFoundException'{0x00000006088cd058}: build_6lut7wpgt8jen2gvbbrnh9ijcBeanInfo> (0x00000006088cd058) 
thrown [s\src\hotspot\share\classfile\systemDictionary.cpp, line 312]
Event: 624.918 Thread 0x000002589fbb20a0 Exception <a 'java/lang/ClassNotFoundException'{0x000000060895d690}: build_6lut7wpgt8jen2gvbbrnh9ijcCustomizer> (0x000000060895d690) 
thrown [s\src\hotspot\share\classfile\systemDictionary.cpp, line 312]
Event: 633.941 Thread 0x000002589fbb20a0 Exception <a 'java/lang/ClassNotFoundException'{0x00000006085a2aa8}: local_config_3wudfwn72r4rfapo6549y4c6zBeanInfo> (0x00000006085a2aa8) 
thrown [s\src\hotspot\share\classfile\systemDictionary.cpp, line 312]
Event: 633.941 Thread 0x000002589fbb20a0 Exception <a 'java/lang/ClassNotFoundException'{0x00000006085ab6b8}: local_config_3wudfwn72r4rfapo6549y4c6zCustomizer> (0x00000006085ab6b8) 
thrown [s\src\hotspot\share\classfile\systemDictionary.cpp, line 312]
Event: 636.984 Thread 0x000002589fbb20a0 Exception <a 'java/lang/ClassNotFoundException'{0x0000000608728c48}: build_6lut7wpgt8jen2gvbbrnh9ijc$_run_closure2BeanInfo> (0x0000000608728c48) 
thrown [s\src\hotspot\share\classfile\systemDictionary.cpp, line 312]
Event: 637.196 Thread 0x000002589fbb20a0 Exception <a 'java/lang/ClassNotFoundException'{0x0000000608731ba0}: build_6lut7wpgt8jen2gvbbrnh9ijc$_run_closure2Customizer> (0x0000000608731ba0) 
thrown [s\src\hotspot\share\classfile\systemDictionary.cpp, line 312]
Event: 687.457 Thread 0x000002589fbb20a0 Exception <a 'java/lang/ClassNotFoundException'{0x00000007ff0a3e90}: user_agent_79y42mj4gi2qwfzk6ixug0p4xBeanInfo> (0x00000007ff0a3e90) 
thrown [s\src\hotspot\share\classfile\systemDictionary.cpp, line 312]
Event: 687.458 Thread 0x000002589fbb20a0 Exception <a 'java/lang/ClassNotFoundException'{0x00000007ff0aca48}: user_agent_79y42mj4gi2qwfzk6ixug0p4xCustomizer> (0x00000007ff0aca48) 
thrown [s\src\hotspot\share\classfile\systemDictionary.cpp, line 312]
Event: 723.275 Thread 0x000002589fbb20a0 Exception <a 'java/lang/ClassNotFoundException'{0x00000007ff078508}: build_4yfrtdyzswpxrz1rnjuwmbv87BeanInfo> (0x00000007ff078508) 
thrown [s\src\hotspot\share\classfile\systemDictionary.cpp, line 312]
Event: 723.275 Thread 0x000002589fbb20a0 Exception <a 'java/lang/ClassNotFoundException'{0x00000007ff07eae0}: build_4yfrtdyzswpxrz1rnjuwmbv87Customizer> (0x00000007ff07eae0) 
thrown [s\src\hotspot\share\classfile\systemDictionary.cpp, line 312]

ZGC Phase Switch (0 events):
No events

VM Operations (20 events):
Event: 724.595 Executing safepoint VM operation: Cleanup done
Event: 726.621 Executing safepoint VM operation: Cleanup
Event: 726.637 Executing safepoint VM operation: Cleanup done
Event: 730.679 Executing safepoint VM operation: Cleanup
Event: 730.820 Executing safepoint VM operation: Cleanup done
Event: 731.831 Executing safepoint VM operation: Cleanup
Event: 732.193 Executing safepoint VM operation: Cleanup done
Event: 761.489 Executing safepoint VM operation: Cleanup
Event: 761.682 Executing safepoint VM operation: Cleanup done
Event: 763.701 Executing safepoint VM operation: Cleanup
Event: 763.794 Executing safepoint VM operation: Cleanup done
Event: 764.795 Executing safepoint VM operation: Cleanup
Event: 764.981 Executing safepoint VM operation: Cleanup done
Event: 766.998 Executing safepoint VM operation: Cleanup
Event: 767.434 Executing safepoint VM operation: Cleanup done
Event: 768.434 Executing safepoint VM operation: Cleanup
Event: 768.839 Executing safepoint VM operation: Cleanup done
Event: 770.842 Executing safepoint VM operation: Cleanup
Event: 771.228 Executing safepoint VM operation: Cleanup done
Event: 772.076 Executing safepoint VM operation: G1CollectForAllocation (G1 Evacuation Pause)

Memory protections (0 events):
No events

Nmethod flushes (20 events):
Event: 705.592 Thread 0x0000025859792b70 flushing  nmethod 0x000002582de7a910
Event: 705.691 Thread 0x0000025859792b70 flushing  nmethod 0x000002583d39b590
Event: 705.691 Thread 0x0000025859792b70 flushing  nmethod 0x000002583d78bc10
Event: 705.691 Thread 0x0000025859792b70 flushing  nmethod 0x000002582d04da10
Event: 705.691 Thread 0x0000025859792b70 flushing  nmethod 0x000002582d18e610
Event: 705.691 Thread 0x0000025859792b70 flushing  nmethod 0x000002582d37e990
Event: 705.691 Thread 0x0000025859792b70 flushing  nmethod 0x000002582d380e10
Event: 705.691 Thread 0x0000025859792b70 flushing  nmethod 0x000002582d381790
Event: 705.691 Thread 0x0000025859792b70 flushing  nmethod 0x000002582d382090
Event: 705.691 Thread 0x0000025859792b70 flushing  nmethod 0x000002582d383e90
Event: 705.691 Thread 0x0000025859792b70 flushing  nmethod 0x000002582d58b010
Event: 705.691 Thread 0x0000025859792b70 flushing  nmethod 0x000002582daa4610
Event: 705.691 Thread 0x0000025859792b70 flushing  nmethod 0x000002582daffc10
Event: 705.691 Thread 0x0000025859792b70 flushing  nmethod 0x000002582db24590
Event: 705.691 Thread 0x0000025859792b70 flushing  nmethod 0x000002582db24c90
Event: 705.691 Thread 0x0000025859792b70 flushing  nmethod 0x000002582db28a10
Event: 705.691 Thread 0x0000025859792b70 flushing  nmethod 0x000002582dcf0490
Event: 705.691 Thread 0x0000025859792b70 flushing  nmethod 0x000002582dcf4a10
Event: 705.691 Thread 0x0000025859792b70 flushing  nmethod 0x000002582dd0fd10
Event: 705.691 Thread 0x0000025859792b70 flushing  nmethod 0x000002582dd6d990

Events (20 events):
Event: 470.027 Thread 0x00000258597c7840 Thread added: 0x00000258a60097a0
Event: 471.520 Thread 0x00000258a60097a0 Thread exited: 0x00000258a60097a0
Event: 471.573 Thread 0x00000258597c7840 Thread added: 0x00000258a60097a0
Event: 472.505 Thread 0x00000258a60097a0 Thread exited: 0x00000258a60097a0
Event: 479.681 Thread 0x000002589fbb20a0 Thread added: 0x00000258a57817d0
Event: 482.687 Thread 0x000002589fbb20a0 Thread added: 0x00000258a5781e60
Event: 486.427 Thread 0x00000258597c7840 Thread added: 0x00000258a6009e70
Event: 486.459 Thread 0x00000258597c7840 Thread added: 0x00000258a6007590
Event: 486.918 Thread 0x00000258a6007590 Thread exited: 0x00000258a6007590
Event: 487.136 Thread 0x00000258a6009e70 Thread exited: 0x00000258a6009e70
Event: 508.862 Thread 0x00000258597bc250 Thread added: 0x00000258a6009e70
Event: 508.862 Thread 0x00000258597bc250 Thread added: 0x00000258a600ac10
Event: 509.810 Thread 0x00000258a600ac10 Thread exited: 0x00000258a600ac10
Event: 509.810 Thread 0x00000258a6009e70 Thread exited: 0x00000258a6009e70
Event: 598.219 Thread 0x00000258597c7840 Thread added: 0x00000258a600ac10
Event: 599.562 Thread 0x00000258a600ac10 Thread exited: 0x00000258a600ac10
Event: 711.769 Thread 0x00000258597c7840 Thread added: 0x00000258a6009e70
Event: 711.906 Thread 0x00000258597c7840 Thread added: 0x00000258a600ac10
Event: 716.783 Thread 0x00000258a600ac10 Thread exited: 0x00000258a600ac10
Event: 721.794 Thread 0x00000258a6009e70 Thread exited: 0x00000258a6009e70


Dynamic libraries:
0x00007ff7f4500000 - 0x00007ff7f450e000 	C:\Users\shiwa\.vscode\extensions\redhat.java-1.53.0-win32-x64\jre\21.0.10-win32-x86_64\bin\java.exe
0x00007ff8cd940000 - 0x00007ff8cdba7000 	C:\WINDOWS\SYSTEM32\ntdll.dll
0x00007ff8cc470000 - 0x00007ff8cc539000 	C:\WINDOWS\System32\KERNEL32.DLL
0x00007ff8caed0000 - 0x00007ff8cb2c1000 	C:\WINDOWS\System32\KERNELBASE.dll
0x00007ff8ca220000 - 0x00007ff8ca36b000 	C:\WINDOWS\System32\ucrtbase.dll
0x00007ff851b70000 - 0x00007ff851b88000 	C:\Users\shiwa\.vscode\extensions\redhat.java-1.53.0-win32-x64\jre\21.0.10-win32-x86_64\bin\jli.dll
0x00007ff8cc250000 - 0x00007ff8cc415000 	C:\WINDOWS\System32\USER32.dll
0x00007ff8cb580000 - 0x00007ff8cb5a7000 	C:\WINDOWS\System32\win32u.dll
0x00007ff8ccf70000 - 0x00007ff8ccf9b000 	C:\WINDOWS\System32\GDI32.dll
0x00007ff8cb5b0000 - 0x00007ff8cb6db000 	C:\WINDOWS\System32\gdi32full.dll
0x00007ff8cb440000 - 0x00007ff8cb4e3000 	C:\WINDOWS\System32\msvcp_win.dll
0x00007ff851b50000 - 0x00007ff851b6e000 	C:\Users\shiwa\.vscode\extensions\redhat.java-1.53.0-win32-x64\jre\21.0.10-win32-x86_64\bin\VCRUNTIME140.dll
0x00007ff8b5ae0000 - 0x00007ff8b5d73000 	C:\WINDOWS\WinSxS\amd64_microsoft.windows.common-controls_6595b64144ccf1df_6.0.26100.8037_none_3e092faae333b53b\COMCTL32.dll
0x00007ff8cc1a0000 - 0x00007ff8cc249000 	C:\WINDOWS\System32\msvcrt.dll
0x00007ff8cb920000 - 0x00007ff8cb951000 	C:\WINDOWS\System32\IMM32.DLL
0x00007ff8a5960000 - 0x00007ff8a596c000 	C:\Users\shiwa\.vscode\extensions\redhat.java-1.53.0-win32-x64\jre\21.0.10-win32-x86_64\bin\vcruntime140_1.dll
0x00007ff8411e0000 - 0x00007ff84126d000 	C:\Users\shiwa\.vscode\extensions\redhat.java-1.53.0-win32-x64\jre\21.0.10-win32-x86_64\bin\msvcp140.dll
0x00007ff8273d0000 - 0x00007ff828171000 	C:\Users\shiwa\.vscode\extensions\redhat.java-1.53.0-win32-x64\jre\21.0.10-win32-x86_64\bin\server\jvm.dll
0x00007ff8cd0c0000 - 0x00007ff8cd17b000 	C:\WINDOWS\System32\ADVAPI32.dll
0x00007ff8cc5c0000 - 0x00007ff8cc667000 	C:\WINDOWS\System32\sechost.dll
0x00007ff8ccfa0000 - 0x00007ff8cd0b8000 	C:\WINDOWS\System32\RPCRT4.dll
0x00007ff8cd880000 - 0x00007ff8cd8f4000 	C:\WINDOWS\System32\WS2_32.dll
0x00007ff8ca0a0000 - 0x00007ff8ca0fe000 	C:\WINDOWS\SYSTEM32\POWRPROF.dll
0x00007ff8b3ea0000 - 0x00007ff8b3ed5000 	C:\WINDOWS\SYSTEM32\WINMM.dll
0x00007ff8c2d70000 - 0x00007ff8c2d7b000 	C:\WINDOWS\SYSTEM32\VERSION.dll
0x00007ff8ca080000 - 0x00007ff8ca094000 	C:\WINDOWS\SYSTEM32\UMPDC.dll
0x00007ff8c8f40000 - 0x00007ff8c8f5b000 	C:\WINDOWS\SYSTEM32\kernel.appcore.dll
0x00007ff89a890000 - 0x00007ff89a89a000 	C:\Users\shiwa\.vscode\extensions\redhat.java-1.53.0-win32-x64\jre\21.0.10-win32-x86_64\bin\jimage.dll
0x00007ff8b6710000 - 0x00007ff8b6952000 	C:\WINDOWS\SYSTEM32\DBGHELP.DLL
0x00007ff8cb970000 - 0x00007ff8cbcf2000 	C:\WINDOWS\System32\combase.dll
0x00007ff8cbd20000 - 0x00007ff8cbdf7000 	C:\WINDOWS\System32\OLEAUT32.dll
0x00007ff8b6620000 - 0x00007ff8b665b000 	C:\WINDOWS\SYSTEM32\dbgcore.DLL
0x00007ff8cb390000 - 0x00007ff8cb435000 	C:\WINDOWS\System32\bcryptPrimitives.dll
0x00007ff8988f0000 - 0x00007ff8988ff000 	C:\Users\shiwa\.vscode\extensions\redhat.java-1.53.0-win32-x64\jre\21.0.10-win32-x86_64\bin\instrument.dll
0x00007ff851b30000 - 0x00007ff851b50000 	C:\Users\shiwa\.vscode\extensions\redhat.java-1.53.0-win32-x64\jre\21.0.10-win32-x86_64\bin\java.dll
0x00007ff8cc700000 - 0x00007ff8cce5f000 	C:\WINDOWS\System32\SHELL32.dll
0x00007ff8ca370000 - 0x00007ff8ca4da000 	C:\WINDOWS\System32\wintypes.dll
0x00007ff8ca4e0000 - 0x00007ff8cad44000 	C:\WINDOWS\System32\windows.storage.dll
0x00007ff8cd690000 - 0x00007ff8cd787000 	C:\WINDOWS\System32\SHCORE.dll
0x00007ff8cd620000 - 0x00007ff8cd687000 	C:\WINDOWS\System32\shlwapi.dll
0x00007ff8ca140000 - 0x00007ff8ca169000 	C:\WINDOWS\SYSTEM32\profapi.dll
0x00007ff842540000 - 0x00007ff842558000 	C:\Users\shiwa\.vscode\extensions\redhat.java-1.53.0-win32-x64\jre\21.0.10-win32-x86_64\bin\zip.dll
0x00007ff898ac0000 - 0x00007ff898ad0000 	C:\Users\shiwa\.vscode\extensions\redhat.java-1.53.0-win32-x64\jre\21.0.10-win32-x86_64\bin\net.dll
0x00007ff8be780000 - 0x00007ff8be8a7000 	C:\WINDOWS\SYSTEM32\WINHTTP.dll
0x00007ff8c9490000 - 0x00007ff8c94fb000 	C:\WINDOWS\system32\mswsock.dll
0x00007ff8424f0000 - 0x00007ff842506000 	C:\Users\shiwa\.vscode\extensions\redhat.java-1.53.0-win32-x64\jre\21.0.10-win32-x86_64\bin\nio.dll
0x00007ff899e90000 - 0x00007ff899ea0000 	C:\Users\shiwa\.vscode\extensions\redhat.java-1.53.0-win32-x64\jre\21.0.10-win32-x86_64\bin\verify.dll
0x00007ff8c1e20000 - 0x00007ff8c1e47000 	C:\Users\shiwa\.gradle\native\c067742578af261105cb4f569cf0c3c89f3d7b1fecec35dd04571415982c5e48\windows-amd64\native-platform.dll
0x00007ff851be0000 - 0x00007ff851d24000 	C:\Users\shiwa\.gradle\native\38dada09dfb8b06ba9b0570ebf7e218e3eb74d4ef43ca46872605cf95ebc2f47\windows-amd64\native-platform-file-events.dll
0x00007ff8c76f0000 - 0x00007ff8c76fa000 	C:\Users\shiwa\.vscode\extensions\redhat.java-1.53.0-win32-x64\jre\21.0.10-win32-x86_64\bin\management.dll
0x00007ff8c76e0000 - 0x00007ff8c76ec000 	C:\Users\shiwa\.vscode\extensions\redhat.java-1.53.0-win32-x64\jre\21.0.10-win32-x86_64\bin\management_ext.dll
0x00007ff8cd180000 - 0x00007ff8cd188000 	C:\WINDOWS\System32\PSAPI.DLL
0x00007ff8c9790000 - 0x00007ff8c97ab000 	C:\WINDOWS\SYSTEM32\CRYPTSP.dll
0x00007ff8c8ea0000 - 0x00007ff8c8ed9000 	C:\WINDOWS\system32\rsaenh.dll
0x00007ff8c9540000 - 0x00007ff8c9572000 	C:\WINDOWS\SYSTEM32\USERENV.dll
0x00007ff8ca110000 - 0x00007ff8ca13a000 	C:\WINDOWS\SYSTEM32\bcrypt.dll
0x00007ff8c9990000 - 0x00007ff8c999c000 	C:\WINDOWS\SYSTEM32\CRYPTBASE.dll
0x00007ff8c8930000 - 0x00007ff8c8963000 	C:\WINDOWS\SYSTEM32\IPHLPAPI.DLL
0x00007ff8cb960000 - 0x00007ff8cb96a000 	C:\WINDOWS\System32\NSI.dll
0x00007ff898900000 - 0x00007ff898909000 	C:\Users\shiwa\.vscode\extensions\redhat.java-1.53.0-win32-x64\jre\21.0.10-win32-x86_64\bin\extnet.dll
0x00007ff899e80000 - 0x00007ff899e8e000 	C:\Users\shiwa\.vscode\extensions\redhat.java-1.53.0-win32-x64\jre\21.0.10-win32-x86_64\bin\sunmscapi.dll
0x00007ff8cad50000 - 0x00007ff8caec7000 	C:\WINDOWS\System32\CRYPT32.dll
0x00007ff8c9920000 - 0x00007ff8c9950000 	C:\WINDOWS\SYSTEM32\ncrypt.dll
0x00007ff8c98d0000 - 0x00007ff8c990f000 	C:\WINDOWS\SYSTEM32\NTASN1.dll
0x00007ff864450000 - 0x00007ff864458000 	C:\WINDOWS\system32\wshunix.dll
0x00007ff85db70000 - 0x00007ff85db88000 	C:\WINDOWS\system32\napinsp.dll
0x00007ff8c8970000 - 0x00007ff8c8a9a000 	C:\WINDOWS\SYSTEM32\DNSAPI.dll
0x00007ff85db90000 - 0x00007ff85dba2000 	C:\WINDOWS\System32\winrnr.dll
0x00007ff85dbb0000 - 0x00007ff85dbd2000 	C:\WINDOWS\system32\nlansp_c.dll
0x00007ff8c0fc0000 - 0x00007ff8c0fd6000 	C:\WINDOWS\system32\wshbth.dll
0x00007ff8c1580000 - 0x00007ff8c158b000 	C:\Windows\System32\rasadhlp.dll
0x00007ff8bc4f0000 - 0x00007ff8bc576000 	C:\WINDOWS\System32\fwpuclnt.dll

JVMTI agents:
C:\Users\shiwa\.gradle\wrapper\dists\gradle-8.7-all\aan3ydargesu18aqyqjwhr3pc\gradle-8.7\lib\agents\gradle-instrumentation-agent-8.7.jar path:C:\Users\shiwa\.vscode\extensions\redhat.java-1.53.0-win32-x64\jre\21.0.10-win32-x86_64\bin\instrument.dll, loaded, initialized, instrumentlib options:none

dbghelp: loaded successfully - version: 4.0.5 - missing functions: none
symbol engine: initialized successfully - sym options: 0x614 - pdb path: .;C:\Users\shiwa\.vscode\extensions\redhat.java-1.53.0-win32-x64\jre\21.0.10-win32-x86_64\bin;C:\WINDOWS\SYSTEM32;C:\WINDOWS\WinSxS\amd64_microsoft.windows.common-controls_6595b64144ccf1df_6.0.26100.8037_none_3e092faae333b53b;C:\Users\shiwa\.vscode\extensions\redhat.java-1.53.0-win32-x64\jre\21.0.10-win32-x86_64\bin\server;C:\Users\shiwa\.gradle\native\c067742578af261105cb4f569cf0c3c89f3d7b1fecec35dd04571415982c5e48\windows-amd64;C:\Users\shiwa\.gradle\native\38dada09dfb8b06ba9b0570ebf7e218e3eb74d4ef43ca46872605cf95ebc2f47\windows-amd64

VM Arguments:
jvm_args: -XX:MaxMetaspaceSize=4G -XX:ReservedCodeCacheSize=512m -XX:+HeapDumpOnOutOfMemoryError --add-opens=java.base/java.util=ALL-UNNAMED --add-opens=java.base/java.lang=ALL-UNNAMED --add-opens=java.base/java.lang.invoke=ALL-UNNAMED --add-opens=java.prefs/java.util.prefs=ALL-UNNAMED --add-opens=java.base/java.nio.charset=ALL-UNNAMED --add-opens=java.base/java.net=ALL-UNNAMED --add-opens=java.base/java.util.concurrent.atomic=ALL-UNNAMED -Xmx8G -Dfile.encoding=utf8 -Duser.country=US -Duser.language=en -Duser.variant -javaagent:C:\Users\shiwa\.gradle\wrapper\dists\gradle-8.7-all\aan3ydargesu18aqyqjwhr3pc\gradle-8.7\lib\agents\gradle-instrumentation-agent-8.7.jar 
java_command: org.gradle.launcher.daemon.bootstrap.GradleDaemon 8.7
java_class_path (initial): C:\Users\shiwa\.gradle\wrapper\dists\gradle-8.7-all\aan3ydargesu18aqyqjwhr3pc\gradle-8.7\lib\gradle-launcher-8.7.jar
Launcher Type: SUN_STANDARD

[Global flags]
     intx CICompilerCount                          = 4                                         {product} {ergonomic}
     uint ConcGCThreads                            = 2                                         {product} {ergonomic}
     uint G1ConcRefinementThreads                  = 8                                         {product} {ergonomic}
   size_t G1HeapRegionSize                         = 4194304                                   {product} {ergonomic}
    uintx GCDrainStackTargetSize                   = 64                                        {product} {ergonomic}
     bool HeapDumpOnOutOfMemoryError               = true                                   {manageable} {command line}
   size_t InitialHeapSize                          = 197132288                                 {product} {ergonomic}
   size_t MarkStackSize                            = 4194304                                   {product} {ergonomic}
   size_t MaxHeapSize                              = 8589934592                                {product} {command line}
   size_t MaxMetaspaceSize                         = 4294967296                                {product} {command line}
   size_t MaxNewSize                               = 5150605312                                {product} {ergonomic}
   size_t MinHeapDeltaBytes                        = 4194304                                   {product} {ergonomic}
   size_t MinHeapSize                              = 8388608                                   {product} {ergonomic}
    uintx NonNMethodCodeHeapSize                   = 5839372                                {pd product} {ergonomic}
    uintx NonProfiledCodeHeapSize                  = 265515770                              {pd product} {ergonomic}
    uintx ProfiledCodeHeapSize                     = 265515770                              {pd product} {ergonomic}
    uintx ReservedCodeCacheSize                    = 536870912                              {pd product} {command line}
     bool SegmentedCodeCache                       = true                                      {product} {ergonomic}
   size_t SoftMaxHeapSize                          = 8589934592                             {manageable} {ergonomic}
     bool UseCompressedOops                        = true                           {product lp64_product} {ergonomic}
     bool UseG1GC                                  = true                                      {product} {ergonomic}
     bool UseLargePagesIndividualAllocation        = false                                  {pd product} {ergonomic}

Logging:
Log output configuration:
 #0: stdout all=warning uptime,level,tags foldmultilines=false
 #1: stderr all=off uptime,level,tags foldmultilines=false

Release file:
JAVA_VERSION="21.0.10" 
MODULES="java.base java.compiler java.datatransfer java.xml java.prefs java.desktop java.instrument java.logging java.management java.security.sasl java.naming java.rmi java.management.rmi java.net.http java.scripting java.security.jgss java.transaction.xa java.sql java.sql.rowset java.xml.crypto java.se java.smartcardio jdk.accessibility jdk.internal.jvmstat jdk.attach jdk.charsets jdk.internal.opt jdk.zipfs jdk.compiler jdk.crypto.ec jdk.crypto.cryptoki jdk.crypto.mscapi jdk.dynalink jdk.internal.ed jdk.editpad jdk.hotspot.agent jdk.httpserver jdk.internal.le jdk.internal.vm.ci jdk.internal.vm.compiler jdk.internal.vm.compiler.management jdk.jartool jdk.javadoc jdk.jcmd jdk.management jdk.management.agent jdk.jconsole jdk.jdeps jdk.jdwp.agent jdk.jdi jdk.jfr jdk.jshell jdk.jsobject jdk.jstatd jdk.localedata jdk.management.jfr jdk.naming.dns jdk.naming.rmi jdk.net jdk.nio.mapmode jdk.random jdk.sctp jdk.security.auth jdk.security.jgss jdk.unsupported jdk.unsupported.desktop jdk.xml.dom" 

Environment Variables:
JAVA_HOME=C:\src\jdk-23.0.2
PATH=C:\Users\shiwa\AppData\Local\Programs\Microsoft VS Code;C:\Python313\Scripts\;C:\Python313\;C:\WINDOWS\system32;C:\WINDOWS;C:\WINDOWS\System32\Wbem;C:\WINDOWS\System32\WindowsPowerShell\v1.0\;C:\WINDOWS\System32\OpenSSH\;C:\Program Files\Git\cmd;C:\src\jdk-23.0.2\bin;C:\src\apache-maven-3.9.9\bin;C:\Program Files\Redis\;C:\Program Files (x86)\Windows Kits\10\Windows Performance Toolkit\;C:\ProgramData\chocolatey\bin;C:\Program Files\nodejs\;C:\Users\shiwa\scoop\shims;C:\Users\shiwa\AppData\Local\Microsoft\WindowsApps;C:\Users\shiwa\AppData\Local\Pub\Cache\bin;C:\Users\shiwa\AppData\Local\Android\Sdk\platform-tools;C:\Tools\tailwindcss;C:\src\flutter_windows_3.35.1-stable\flutter\bin;C:\src\flutter_windows_3.35.1-stable\flutter\bin\cache\dart-sdk\bin;C:\src\maestro\bin;C:\Users\shiwa\AppData\Local\Android\Sdk\platform-tools;C:\Users\shiwa\AppData\Local\Programs\Microsoft VS Code\bin;C:\Users\shiwa\AppData\Local\Programs\Antigravity\bin;C:\Users\shiwa\AppData\Roaming\npm
USERNAME=shiwa
LANG=en_US.UTF-8
OS=Windows_NT
PROCESSOR_IDENTIFIER=Intel64 Family 6 Model 126 Stepping 5, GenuineIntel
TMP=C:\Users\shiwa\AppData\Local\Temp
TEMP=C:\Users\shiwa\AppData\Local\Temp




Periodic native trim disabled

---------------  S Y S T E M  ---------------

OS:
 Windows 11 , 64 bit Build 26100 (10.0.26100.7920)
OS uptime: 0 days 0:35 hours
Hyper-V role detected

CPU: total 8 (initial active 8) (4 cores per cpu, 2 threads per core) family 6 model 126 stepping 5 microcode 0xa6, cx8, cmov, fxsr, ht, mmx, 3dnowpref, sse, sse2, sse3, ssse3, sse4.1, sse4.2, popcnt, lzcnt, tsc, tscinvbit, avx, avx2, aes, erms, clmul, bmi1, bmi2, adx, avx512f, avx512dq, avx512cd, avx512bw, avx512vl, sha, fma, vzeroupper, avx512_vpopcntdq, avx512_vpclmulqdq, avx512_vaes, avx512_vnni, clflush, clflushopt, avx512_vbmi2, avx512_vbmi, hv, rdtscp, rdpid, fsrm, gfni, avx512_bitalg, f16c, avx512_ifma
Processor Information for the first 8 processors :
  Max Mhz: 1201, Current Mhz: 1000, Mhz Limit: 996

Memory: 4k page, system-wide physical 12028M (690M free)
TotalPageFile size 27040M (AvailPageFile size 439M)
current process WorkingSet (physical memory assigned to process): 319M, peak: 441M
current process commit charge ("private bytes"): 575M, peak: 1039M

vm_info: OpenJDK 64-Bit Server VM (21.0.10+7-LTS) for windows-amd64 JRE (21.0.10+7-LTS), built on 2026-01-20T00:00:00Z by "admin" with MS VC++ 17.12 (VS2022)

END.
